#################### 2015-01-05 ###############
ASSAMCO 4.75 5 5.26
5.26 5.2
principal:  100000
profit 5200
totalProfit:  5200
#################### 2015-01-06 ###############
MIRCELECTR 10.65 11.1 4.23
MONSANTO 2803.6 2806.1 0.09
4.32 2.1
principal:  100000
profit 2100
totalProfit:  7300
#################### 2015-01-07 ###############
#################### 2015-01-08 ###############
#################### 2015-01-12 ###############
#################### 2015-01-13 ###############
#################### 2015-01-14 ###############
CIGNITITEC 447.4 457 2.15
2.15 2.09
principal:  100000
profit 2090
totalProfit:  9390
#################### 2015-01-15 ###############
INDOSOLAR 10.19 10.19 0
#################### 2015-01-19 ###############
#################### 2015-01-20 ###############
SARLAPOLY 42.25 44.5 5.33
5.33 5.2700000000000005
principal:  100000
profit 5270
totalProfit:  14660
#################### 2015-01-21 ###############
#################### 2015-01-22 ###############
VIPCLOTHNG 47.8 46.5 -2.72
-2.72 -2.7800000000000002
principal:  100000
profit -2780
totalProfit:  11880
#################### 2015-01-26 ###############
#################### 2015-01-27 ###############
#################### 2015-01-28 ###############
VIPCLOTHNG 46.6 45.1 -3.22
-3.22 -3.2800000000000002
principal:  100000
profit -3280
totalProfit:  8600
#################### 2015-01-29 ###############
SWANENERGY 55 55.55 1
1 0.94
principal:  100000
profit 940
totalProfit:  9540
#################### 2015-02-02 ###############
NEULANDLAB 395.3 371 -6.15
-6.15 -6.21
principal:  100000
profit -6210
totalProfit:  3330
#################### 2015-02-03 ###############
#################### 2015-02-04 ###############
SUPREMEINF 269.89 257.95 -4.42
-4.42 -4.4799999999999995
principal:  100000
profit -4479.999999999999
totalProfit:  -1149.999999999999
#################### 2015-02-05 ###############
LYKALABS 36.6 38.5 5.19
INDOSOLAR 16.25 16.25 0
DBREALTY 90.9 89.1 -1.98
3.2100000000000004 0.74
principal:  100000
profit 740
totalProfit:  -409.9999999999991
#################### 2015-02-09 ###############
SHREYAS 387.15 388.05 0.23
CUMMINSIND 897.5 898.7 0.13
MIRZAINT 68.84 67 -2.67
-2.31 -0.8300000000000001
principal:  100000
profit -830
totalProfit:  -1239.999999999999
#################### 2015-02-10 ###############
MEGH 18.25 18.75 2.74
2.74 2.68
principal:  100000
profit 2680
totalProfit:  1440.000000000001
#################### 2015-02-11 ###############
#################### 2015-02-12 ###############
#################### 2015-02-16 ###############
#################### 2015-02-17 ###############
#################### 2015-02-18 ###############
RAMCOIND 87.6 89.4 2.05
2.05 1.9899999999999998
principal:  100000
profit 1989.9999999999998
totalProfit:  3430.000000000001
#################### 2015-02-19 ###############
#################### 2015-02-23 ###############
#################### 2015-02-24 ###############
#################### 2015-02-25 ###############
HTMEDIA 135.25 133.1 -1.59
-1.59 -1.6500000000000001
principal:  100000
profit -1650
totalProfit:  1780.000000000001
#################### 2015-02-26 ###############
VGUARD 67.55 67.71 0.24
0.24 0.18
principal:  100000
profit 180
totalProfit:  1960.000000000001
#################### 2015-03-02 ###############
#################### 2015-03-03 ###############
#################### 2015-03-04 ###############
ISFT 273.35 270.95 -0.88
SKIL 44.5 44.5 0
-0.88 -0.5
principal:  100000
profit -500
totalProfit:  1460.000000000001
#################### 2015-03-05 ###############
#################### 2015-03-09 ###############
GREENLAM 509.45 530 4.03
MADHUCON 59.85 60 0.25
TTML 8.65 8.75 1.16
5.44 1.75
principal:  100000
profit 1750
totalProfit:  3210.000000000001
#################### 2015-03-10 ###############
#################### 2015-03-11 ###############
BALRAMCHIN 54 55.25 2.31
2.31 2.25
principal:  100000
profit 2250
totalProfit:  5460.000000000001
#################### 2015-03-12 ###############
#################### 2015-03-16 ###############
APTECHT 61.8 60.4 -2.27
-2.27 -1.19
principal:  100000
profit -1190
totalProfit:  4270.000000000001
#################### 2015-03-17 ###############
#################### 2015-03-18 ###############
CARBORUNIV 185 186.1 0.59
GEPIL 699.4 714.85 2.21
2.8 1.3399999999999999
principal:  100000
profit 1340
totalProfit:  5610.000000000001
#################### 2015-03-19 ###############
#################### 2015-03-23 ###############
CCHHL 8.85 10.35 16.95
NFL 26.7 26.95 0.94
ARIES 101.95 106.3 4.27
SHEMAROO 188.45 192 1.88
GET&D 536.15 546.6 1.95
25.99 5.140000000000001
principal:  100000
profit 5140.000000000001
totalProfit:  10750.000000000002
#################### 2015-03-24 ###############
SUMEETINDS 11.65 12.1 3.86
3.86 3.8
principal:  100000
profit 3800
totalProfit:  14550.000000000002
#################### 2015-03-25 ###############
POCHIRAJU 58.3 58.3 0
MPSLTD 887.3 895.45 0.92
0.92 0.4
principal:  100000
profit 400
totalProfit:  14950.000000000002
#################### 2015-03-26 ###############
VIMTALABS 71.59 70.8 -1.1
GALLISPAT 403.75 403.5 -0.06
-1.1600000000000001 -0.6399999999999999
principal:  100000
profit -639.9999999999999
totalProfit:  14310.000000000002
#################### 2015-03-30 ###############
PURVA 62.05 64.4 3.79
3.79 3.73
principal:  100000
profit 3730
totalProfit:  18040
#################### 2015-03-31 ###############
#################### 2015-04-01 ###############
#################### 2015-04-02 ###############
#################### 2015-04-06 ###############
#################### 2015-04-07 ###############
#################### 2015-04-08 ###############
FLEXITUFF 226.9 225 -0.84
-0.84 -0.8999999999999999
principal:  100000
profit -899.9999999999999
totalProfit:  17140
#################### 2015-04-09 ###############
POCHIRAJU 57.2 57.2 0
#################### 2015-04-13 ###############
#################### 2015-04-14 ###############
#################### 2015-04-15 ###############
GLOBOFFS 607.75 645 6.13
FCL 24.74 25.58 3.4
NITESHEST 13.8 14 1.45
10.979999999999999 3.6
principal:  100000
profit 3600
totalProfit:  20740
#################### 2015-04-16 ###############
#################### 2015-04-20 ###############
RSSOFTWARE 186.65 180 -3.56
KANSAINER 224.45 227.95 1.56
-2 -1.06
principal:  100000
profit -1060
totalProfit:  19680
#################### 2015-04-21 ###############
GIPCL 88 86.35 -1.88
-1.88 -1.94
principal:  100000
profit -1940
totalProfit:  17740
#################### 2015-04-22 ###############
#################### 2015-04-23 ###############
TTML 7.8 8 2.56
SIMPLEXINF 438.2 445.75 1.72
CRMFGETF 2580 2575 -0.19
4.09 1.3
principal:  100000
profit 1300
totalProfit:  19040
#################### 2015-04-27 ###############
MADHUCON 59.5 58 -2.52
ISFT 231.8 240.05 3.56
GALLISPAT 402.35 400.35 -0.5
AMRUTANJAN 456.8 437 -4.33
BEL 90.37 89.7 -0.74
ELAND 25.2 24.2 -3.97
CPSEETF 23.94 24.24 1.25
MOREPENLAB 14.9 14.4 -3.36
-10.61 -1.3900000000000001
principal:  100000
profit -1390
totalProfit:  17650
#################### 2015-04-28 ###############
ZENTEC 55.65 50.5 -9.25
HOVS 82.45 85.6 3.82
-5.43 -2.77
principal:  100000
profit -2770
totalProfit:  14880
#################### 2015-04-29 ###############
CRMFGETF 2600 2595 -0.19
NAUKRI 769.05 780.5 1.49
1.3 0.5900000000000001
principal:  100000
profit 590.0000000000001
totalProfit:  15470
#################### 2015-04-30 ###############
#################### 2015-05-04 ###############
#################### 2015-05-05 ###############
#################### 2015-05-06 ###############
MOREPENLAB 14.1 14.3 1.42
1.42 1.3599999999999999
principal:  100000
profit 1360
totalProfit:  16830
#################### 2015-05-07 ###############
TTML 7.45 7.6 2.01
RTNPOWER 8.94 8.94 0
2.01 0.94
principal:  100000
profit 940
totalProfit:  17770
#################### 2015-05-11 ###############
#################### 2015-05-12 ###############
NETWORK18 54.55 55.85 2.38
JAICORPLTD 54.55 55 0.82
3IINFOTECH 3.45 3.8 10.14
MANGLMCEM 238.25 239.9 0.69
ZEEMEDIA 18.1 18.5 2.21
TEXRAIL 121.2 119.3 -1.57
14.669999999999998 2.38
principal:  100000
profit 2380
totalProfit:  20150
#################### 2015-05-13 ###############
#################### 2015-05-14 ###############
#################### 2015-05-18 ###############
#################### 2015-05-19 ###############
TTML 7.45 7.55 1.34
3IINFOTECH 2.6 2.6 0
1.34 0.6100000000000001
principal:  100000
profit 610.0000000000001
totalProfit:  20760
#################### 2015-05-20 ###############
#################### 2015-05-21 ###############
GEPIL 725.1 737.45 1.7
1.7 1.64
principal:  100000
profit 1640
totalProfit:  22400
#################### 2015-05-25 ###############
#################### 2015-05-26 ###############
PFS 44.8 46 2.68
2.68 2.62
principal:  100000
profit 2620
totalProfit:  25020
#################### 2015-05-27 ###############
TGBHOTELS 78 83 6.41
6.41 6.3500000000000005
principal:  100000
profit 6350
totalProfit:  31370
#################### 2015-05-28 ###############
#################### 2015-06-01 ###############
JINDALPOLY 263.7 280.1 6.22
IZMO 36.54 38.75 6.05
12.27 6.08
principal:  100000
profit 6080
totalProfit:  37450
#################### 2015-06-02 ###############
BAJAJCORP 453.5 447.45 -1.33
RUPA 392.1 398.1 1.53
0.19999999999999996 0.04000000000000001
principal:  100000
profit 40.00000000000001
totalProfit:  37490
#################### 2015-06-03 ###############
RTNINFRA 2.04 2 -1.96
ADANIENT 116.55 112 -3.9
ZENTEC 76.15 69.55 -8.67
-14.53 -4.8999999999999995
principal:  100000
profit -4899.999999999999
totalProfit:  32590
#################### 2015-06-04 ###############
#################### 2015-06-08 ###############
MOREPENLAB 10.8 10 -7.41
WONDERLA 248.65 245.4 -1.31
-8.72 -4.42
principal:  100000
profit -4420
totalProfit:  28170
#################### 2015-06-09 ###############
CRMFGETF 2569.5 2565 -0.18
-0.18 -0.24
principal:  100000
profit -240
totalProfit:  27930
#################### 2015-06-10 ###############
#################### 2015-06-11 ###############
RKFORGE 505.6 503.4 -0.44
AARTIIND 315.39 315.95 0.18
-0.26 -0.19
principal:  100000
profit -190
totalProfit:  27740
#################### 2015-06-15 ###############
VIVIDHA 47.26 49.62 4.99
4.99 4.930000000000001
principal:  100000
profit 4930.000000000001
totalProfit:  32670
#################### 2015-06-16 ###############
#################### 2015-06-17 ###############
#################### 2015-06-18 ###############
CRMFGETF 2575 2570 -0.19
-0.19 -0.25
principal:  100000
profit -250
totalProfit:  32420
#################### 2015-06-22 ###############
#################### 2015-06-23 ###############
#################### 2015-06-24 ###############
#################### 2015-06-25 ###############
3IINFOTECH 5.75 5.75 0
CRMFGETF 2530 2530 0
POCHIRAJU 23.5 23.85 1.49
1.49 0.44
principal:  100000
profit 440
totalProfit:  32860
#################### 2015-06-29 ###############
#################### 2015-06-30 ###############
#################### 2015-07-01 ###############
NAGAROIL 5.09 4.7 -7.66
TIMETECHNO 50.25 51.6 2.69
-4.970000000000001 -2.5500000000000003
principal:  100000
profit -2550.0000000000005
totalProfit:  30310
#################### 2015-07-02 ###############
#################### 2015-07-06 ###############
#################### 2015-07-07 ###############
ATUL 1203.95 1160 -3.65
VISHNU 395.65 373.05 -5.71
-9.36 -4.739999999999999
principal:  100000
profit -4739.999999999999
totalProfit:  25570
#################### 2015-07-08 ###############
ALANKIT 10.87 11.08 1.93
1.93 1.8699999999999999
principal:  100000
profit 1870
totalProfit:  27440
#################### 2015-07-09 ###############
SUMEETINDS 13.15 13.4 1.9
1.9 1.8399999999999999
principal:  100000
profit 1840
totalProfit:  29280
#################### 2015-07-13 ###############
3IINFOTECH 4.15 4.15 0
#################### 2015-07-14 ###############
#################### 2015-07-15 ###############
#################### 2015-07-16 ###############
#################### 2015-07-20 ###############
TI 27.2 26.65 -2.02
JPPOWER 6.7 7 4.48
3IINFOTECH 3.95 4.05 2.53
4.99 1.5999999999999999
principal:  100000
profit 1600
totalProfit:  30880
#################### 2015-07-21 ###############
CONCOR 1394.96 1427.24 2.31
2.31 2.25
principal:  100000
profit 2250
totalProfit:  33130
#################### 2015-07-22 ###############
#################### 2015-07-23 ###############
TREEHOUSE 424.85 432.05 1.69
1.69 1.63
principal:  100000
profit 1630
totalProfit:  34760
#################### 2015-07-27 ###############
KOTAKBKETF 183.61 183.5 -0.06
FINPIPE 271.05 270.14 -0.34
INDORAMA 36.85 38.9 5.56
5.159999999999999 1.66
principal:  100000
profit 1660
totalProfit:  36420
#################### 2015-07-28 ###############
GLOBALVECT 133.94 128.5 -4.06
-4.06 -4.119999999999999
principal:  100000
profit -4119.999999999999
totalProfit:  32300
#################### 2015-07-29 ###############
3IINFOTECH 3.65 3.9 6.85
6.85 6.79
principal:  100000
profit 6790
totalProfit:  39090
#################### 2015-07-30 ###############
VLSFINANCE 55.4 55.7 0.54
0.54 0.48000000000000004
principal:  100000
profit 480.00000000000006
totalProfit:  39570
#################### 2015-08-03 ###############
PGEL 133.65 116 -13.21
GINNIFILA 31.75 30.95 -2.52
-15.73 -7.92
principal:  100000
profit -7920
totalProfit:  31650
#################### 2015-08-04 ###############
#################### 2015-08-05 ###############
EMMBI 40.29 40.5 0.52
0.52 0.46
principal:  100000
profit 460
totalProfit:  32110
#################### 2015-08-06 ###############
MURUDCERA 24.35 24.55 0.82
WABCOINDIA 6655.7 6657.1 0.02
INDORAMA 44.3 41.3 -6.77
MORARJEE 49.3 52.45 6.39
0.45999999999999996 0.06
principal:  100000
profit 60
totalProfit:  32170
#################### 2015-08-10 ###############
PIONEEREMB 34.35 33.75 -1.75
-1.75 -1.81
principal:  100000
profit -1810
totalProfit:  30360
#################### 2015-08-11 ###############
GMBREW 219.84 220.83 0.45
SMSPHARMA 66.2 63.2 -4.53
VISHNU 474.75 474.75 0
-4.08 -1.4200000000000002
principal:  100000
profit -1420.0000000000002
totalProfit:  28940
#################### 2015-08-12 ###############
LIQUIDBEES 1000 999.99 0
#################### 2015-08-13 ###############
#################### 2015-08-17 ###############
#################### 2015-08-18 ###############
INFINITE 194.08 186.42 -3.95
-3.95 -4.01
principal:  100000
profit -4010
totalProfit:  24930
#################### 2015-08-19 ###############
#################### 2015-08-20 ###############
METALFORGE 68.9 67.59 -1.9
GUFICBIO 33.35 29.7 -10.94
INDORAMA 30.7 31.25 1.79
UNIPLY 127.65 115.55 -9.48
-20.53 -5.1899999999999995
principal:  100000
profit -5189.999999999999
totalProfit:  19740
#################### 2015-08-24 ###############
NECLIFE 38.25 38.6 0.92
NHPC 16.35 16.2 -0.92
ARSHIYA 24 24.6 2.5
KWALITY 63.9 75 17.37
INDSWFTLAB 28.75 28.55 -0.7
ZENTEC 74.84 78.09 4.34
NIPPOBATRY 1027.2 1123 9.33
NILKAMAL 857.45 913 6.48
GUFICBIO 27.75 28.05 1.08
HOTELEELA 19.85 20 0.76
41.160000000000004 4.0600000000000005
principal:  100000
profit 4060.0000000000005
totalProfit:  23800
#################### 2015-08-25 ###############
NITCO 29.35 29.65 1.02
1.02 0.96
principal:  100000
profit 960
totalProfit:  24760
#################### 2015-08-26 ###############
INFINITE 158.31 154.07 -2.68
MANGALAM 83.8 81 -3.34
-6.02 -3.07
principal:  100000
profit -3070
totalProfit:  21690
#################### 2015-08-27 ###############
#################### 2015-08-31 ###############
#################### 2015-09-01 ###############
#################### 2015-09-02 ###############
SBIN 232.25 232.65 0.17
0.17 0.11000000000000001
principal:  100000
profit 110.00000000000001
totalProfit:  21800
#################### 2015-09-03 ###############
#################### 2015-09-07 ###############
THERMAX 901.45 915.9 1.6
1.6 1.54
principal:  100000
profit 1540
totalProfit:  23340
#################### 2015-09-08 ###############
NITINSPIN 56.6 55 -2.83
-2.83 -2.89
principal:  100000
profit -2890
totalProfit:  20450
#################### 2015-09-09 ###############
#################### 2015-09-10 ###############
#################### 2015-09-14 ###############
#################### 2015-09-15 ###############
GUJGASLTD 613.7 613.7 0
#################### 2015-09-16 ###############
#################### 2015-09-17 ###############
#################### 2015-09-21 ###############
#################### 2015-09-22 ###############
WHIRLPOOL 638.5 634.15 -0.68
-0.68 -0.74
principal:  100000
profit -740
totalProfit:  19710
#################### 2015-09-23 ###############
#################### 2015-09-24 ###############
#################### 2015-09-28 ###############
GSPL 115.85 114 -1.6
-1.6 -1.6600000000000001
principal:  100000
profit -1660
totalProfit:  18050
#################### 2015-09-29 ###############
SHARDAMOTR 905 905 0
SCHAEFFLER 4034.95 4025.5 -0.23
-0.23 -0.16999999999999998
principal:  100000
profit -170
totalProfit:  17880
#################### 2015-09-30 ###############
ALLSEC 67.34 67.55 0.31
0.31 0.25
principal:  100000
profit 250
totalProfit:  18130
#################### 2015-10-01 ###############
#################### 2015-10-05 ###############
KKCL 2137.9 2166 1.31
1.31 1.25
principal:  100000
profit 1250
totalProfit:  19380
#################### 2015-10-06 ###############
#################### 2015-10-07 ###############
ARVSMART 69.75 72 3.23
CANDC 17.85 17.1 -4.2
CTE 125.4 113.5 -9.49
-10.46 -3.5500000000000003
principal:  100000
profit -3550
totalProfit:  15830
#################### 2015-10-08 ###############
OMAXE 135.19 135.15 -0.03
METALFORGE 67.9 67.9 0
ANDHRACEMT 6.05 6.35 4.96
ARVSMART 73.2 66.5 -9.15
-4.220000000000001 -1.12
principal:  100000
profit -1120.0000000000002
totalProfit:  14710
#################### 2015-10-12 ###############
OMAXE 133.75 134.44 0.52
3IINFOTECH 3.8 3.9 2.63
BROOKS 68.25 66.8 -2.12
GLOBOFFS 401.65 452 12.54
13.569999999999999 3.33
principal:  100000
profit 3330
totalProfit:  18040
#################### 2015-10-13 ###############
KKCL 2126.69 2165 1.8
1.8 1.74
principal:  100000
profit 1740
totalProfit:  19780
#################### 2015-10-14 ###############
ELECTHERM 60.1 61.9 3
DCBBANK 92.15 99 7.43
ENERGYDEV 39.2 39.15 -0.13
10.299999999999999 3.37
principal:  100000
profit 3370
totalProfit:  23150
#################### 2015-10-15 ###############
#################### 2015-10-19 ###############
ORISSAMINE 2223.5 2225 0.07
0.07 0.010000000000000009
principal:  100000
profit 10.000000000000009
totalProfit:  23160
#################### 2015-10-20 ###############
#################### 2015-10-21 ###############
#################### 2015-10-22 ###############
#################### 2015-10-26 ###############
MANDHANA 270.45 268.05 -0.89
TV18BRDCST 32.35 32.1 -0.77
-1.6600000000000001 -0.8899999999999999
principal:  100000
profit -889.9999999999999
totalProfit:  22270
#################### 2015-10-27 ###############
#################### 2015-10-28 ###############
VIKASECO 18.1 18.8 3.87
3.87 3.81
principal:  100000
profit 3810
totalProfit:  26080
#################### 2015-10-29 ###############
#################### 2015-11-02 ###############
#################### 2015-11-03 ###############
#################### 2015-11-04 ###############
UNIPLY 176.4 177.55 0.65
0.65 0.5900000000000001
principal:  100000
profit 590.0000000000001
totalProfit:  26670
#################### 2015-11-05 ###############
#################### 2015-11-09 ###############
#################### 2015-11-10 ###############
SANWARIA 3.68 4 8.7
8.7 8.639999999999999
principal:  100000
profit 8639.999999999998
totalProfit:  35310
#################### 2015-11-11 ###############
#################### 2015-11-12 ###############
#################### 2015-11-16 ###############
#################### 2015-11-17 ###############
VINATIORGA 381.15 380.3 -0.22
PONNIERODE 206.55 209 1.19
0.97 0.43
principal:  100000
profit 430
totalProfit:  35740
#################### 2015-11-18 ###############
#################### 2015-11-19 ###############
#################### 2015-11-23 ###############
#################### 2015-11-24 ###############
#################### 2015-11-25 ###############
#################### 2015-11-26 ###############
LAMBODHARA 275.1 279.89 1.74
1.74 1.68
principal:  100000
profit 1680
totalProfit:  37420
#################### 2015-11-30 ###############
TREEHOUSE 166.9 146 -12.52
-12.52 -12.58
principal:  100000
profit -12580
totalProfit:  24840
#################### 2015-12-01 ###############
#################### 2015-12-02 ###############
RELAXO 488.85 499.55 2.19
FMNL 35.9 38 5.85
ASTEC 245.25 245 -0.1
7.9399999999999995 2.59
principal:  100000
profit 2590
totalProfit:  27430
#################### 2015-12-03 ###############
BAJAJHLDNG 1729.1 1720 -0.53
ORISSAMINE 2051.75 2055 0.16
-0.37 -0.24
principal:  100000
profit -240
totalProfit:  27190
#################### 2015-12-07 ###############
ALPA 69.5 69.5 0
ORIENTPPR 30.1 32 6.31
JPPOWER 6.7 6.85 2.24
LUXIND 664.1 664.1 0
8.55 2.08
principal:  100000
profit 2080
totalProfit:  29270
#################### 2015-12-08 ###############
RTNINFRA 3.25 3.3 1.54
GMBREW 451.84 465.92 3.12
4.66 2.27
principal:  100000
profit 2270
totalProfit:  31540
#################### 2015-12-09 ###############
JBCHEPHARM 259.05 260.3 0.48
ULTRACEMCO 2813.15 2789 -0.86
METALFORGE 83.55 84 0.54
BALPHARMA 116.6 117 0.34
BERGEPAINT 158.79 159.79 0.63
GMBREW 449.02 429.25 -4.4
-3.2700000000000005 -0.6100000000000001
principal:  100000
profit -610.0000000000001
totalProfit:  30930
#################### 2015-12-10 ###############
IMFA 136.05 139.85 2.79
2.79 2.73
principal:  100000
profit 2730
totalProfit:  33660
#################### 2015-12-14 ###############
ALLSEC 124.75 120 -3.81
-3.81 -3.87
principal:  100000
profit -3870
totalProfit:  29790
#################### 2015-12-15 ###############
#################### 2015-12-16 ###############
#################### 2015-12-17 ###############
#################### 2015-12-21 ###############
VIVIDHA 56.62 57.86 2.19
2.19 2.13
principal:  100000
profit 2130
totalProfit:  31920
#################### 2015-12-22 ###############
PIONDIST 271.8 275.14 1.23
1.23 1.17
principal:  100000
profit 1170
totalProfit:  33090
#################### 2015-12-23 ###############
HTMEDIA 90.75 85.95 -5.29
-5.29 -5.35
principal:  100000
profit -5350
totalProfit:  27740
#################### 2015-12-24 ###############
#################### 2015-12-28 ###############
EON 78.95 79.3 0.44
0.44 0.38
principal:  100000
profit 380
totalProfit:  28120
#################### 2015-12-29 ###############
DONEAR 31.45 31.45 0
MERCK 780.8 781 0.03
GINNIFILA 23.55 24 1.91
ORTINLABSS 32.45 32.29 -0.49
1.45 0.3
principal:  100000
profit 300
totalProfit:  28420
#################### 2015-12-30 ###############
IVRCLINFRA 9.3 9.2 -1.08
SUNDARAM 2.95 3.25 10.17
PIONEEREMB 80.95 77.09 -4.77
TTML 8.19 8.19 0
CIGNITITEC 452.95 459 1.34
BLKASHYAP 22.1 21.4 -3.17
2.49 0.36
principal:  100000
profit 360
totalProfit:  28780
#################### 2015-12-31 ###############
#################### 2016-01-04 ###############
TRITURBINE 111.95 109 -2.64
-2.64 -2.7
principal:  100000
profit -2700
totalProfit:  26080
#################### 2016-01-05 ###############
#################### 2016-01-06 ###############
EON 74 77.85 5.2
5.2 5.140000000000001
principal:  100000
profit 5140.000000000001
totalProfit:  31220
#################### 2016-01-07 ###############
IPCALAB 681.75 699.6 2.62
ORIENTPPR 39.75 38.5 -3.14
TIMETECHNO 56.05 56 -0.09
-0.61 -0.26
principal:  100000
profit -260
totalProfit:  30960
#################### 2016-01-11 ###############
AGARIND 166.15 178.5 7.43
7.43 7.37
principal:  100000
profit 7370
totalProfit:  38330
#################### 2016-01-12 ###############
#################### 2016-01-13 ###############
BAGFILMS 4.8 4.8 0
CELESTIAL 35.1 31.5 -10.26
MARKSANS 78 68 -12.82
GALLISPAT 404.8 407.25 0.61
-22.47 -5.68
principal:  100000
profit -5680
totalProfit:  32650
#################### 2016-01-14 ###############
RTNINFRA 3.2 3.25 1.56
PIONEEREMB 79.15 84.9 7.26
8.82 4.3500000000000005
principal:  100000
profit 4350.000000000001
totalProfit:  37000
#################### 2016-01-18 ###############
CENTUM 664.85 648.75 -2.42
-2.42 -2.48
principal:  100000
profit -2480
totalProfit:  34520
#################### 2016-01-19 ###############
#################### 2016-01-20 ###############
BROOKS 78 81.1 3.97
TGBHOTELS 78.25 82 4.79
LAMBODHARA 129.95 123 -5.35
3.41 1.0799999999999998
principal:  100000
profit 1079.9999999999998
totalProfit:  35600
#################### 2016-01-21 ###############
GINNIFILA 17.75 17.2 -3.1
-3.1 -3.16
principal:  100000
profit -3160
totalProfit:  32440
#################### 2016-01-25 ###############
#################### 2016-01-26 ###############
#################### 2016-01-27 ###############
ASSAMCO 5.4 5.4 0
#################### 2016-01-28 ###############
RSSOFTWARE 65.35 67 2.52
ICICINIFTY 80.7 81.85 1.43
3.95 1.92
principal:  100000
profit 1920
totalProfit:  34360
#################### 2016-02-01 ###############
VIVIDHA 46.2 48.53 5.04
NCLIND 102.9 109.65 6.56
KOTAKBKETF 152.01 154.4 1.57
13.17 4.33
principal:  100000
profit 4330
totalProfit:  38690
#################### 2016-02-02 ###############
BSL 69.1 69 -0.14
ELAND 37.7 38.7 2.65
2.51 1.19
principal:  100000
profit 1190
totalProfit:  39880
#################### 2016-02-03 ###############
SUMEETINDS 14.05 14.35 2.14
SANOFI 4160.05 4249.95 2.16
4.300000000000001 2.09
principal:  100000
profit 2090
totalProfit:  41970
#################### 2016-02-04 ###############
#################### 2016-02-08 ###############
RTNPOWER 10 10.2 2
BASF 758.35 727 -4.13
-2.13 -1.12
principal:  100000
profit -1120.0000000000002
totalProfit:  40850
#################### 2016-02-09 ###############
BSL 56.25 58.85 4.62
AFL 46.45 52 11.95
16.57 8.229999999999999
principal:  100000
profit 8229.999999999998
totalProfit:  49080
#################### 2016-02-10 ###############
#################### 2016-02-11 ###############
MOREPENLAB 28.8 28.8 0
KESORAMIND 74.95 75.75 1.07
UJAAS 22.35 22.5 0.67
MANGALAM 153.4 154 0.39
BALPHARMA 89.3 95.5 6.94
SUMEETINDS 10.8 11.3 4.63
ALPHAGEO 521.7 523 0.25
8KMILES 565.38 520.71 -7.9
NAHARSPING 84 82.6 -1.67
4.379999999999999 0.43
principal:  100000
profit 430
totalProfit:  49510
#################### 2016-02-15 ###############
#################### 2016-02-16 ###############
JPPOWER 4.95 5.2 5.05
MIRCELECTR 10.05 10.1 0.5
CORPBANK 34.45 35.2 2.18
KOTAKBKETF 142.25 142 -0.18
7.550000000000001 1.8299999999999998
principal:  100000
profit 1829.9999999999998
totalProfit:  51340
#################### 2016-02-17 ###############
RTNINFRA 3.2 3.2 0
#################### 2016-02-18 ###############
MANGALAM 141.85 141.1 -0.53
-0.53 -0.5900000000000001
principal:  100000
profit -590.0000000000001
totalProfit:  50750
#################### 2016-02-22 ###############
COFFEEDAY 225 225.05 0.02
0.02 -0.039999999999999994
principal:  100000
profit -39.99999999999999
totalProfit:  50710
#################### 2016-02-23 ###############
SHILPAMED 403.65 405 0.33
JPPOWER 4.7 4.85 3.19
RTNINFRA 3.2 3.2 0
3.52 1.1099999999999999
principal:  100000
profit 1109.9999999999998
totalProfit:  51820
#################### 2016-02-24 ###############
GALLISPAT 403.05 403.3 0.06
0.06 0
principal:  100000
profit 0
#################### 2016-02-25 ###############
#################### 2016-02-29 ###############
SHREYAS 213.75 205 -4.09
-4.09 -4.1499999999999995
principal:  100000
profit -4149.999999999999
totalProfit:  47670
#################### 2016-03-01 ###############
#################### 2016-03-02 ###############
#################### 2016-03-03 ###############
SYNCOM 6.3 6.4 1.59
1.59 1.53
principal:  100000
profit 1530
totalProfit:  49200
#################### 2016-03-07 ###############
#################### 2016-03-08 ###############
VGUARD 59.71 60.13 0.7
WEIZFOREX 169.95 168 -1.15
-0.44999999999999996 -0.28
principal:  100000
profit -280.00000000000006
totalProfit:  48920
#################### 2016-03-09 ###############
#################### 2016-03-10 ###############
SETFGOLD 2721.95 2706 -0.59
RUPA 276.4 284 2.75
2.16 1.02
principal:  100000
profit 1020
totalProfit:  49940
#################### 2016-03-14 ###############
#################### 2016-03-15 ###############
NIFTYBEES 761.02 757.23 -0.5
BYKE 152.45 152.55 0.07
SUZLON 13.5 13.75 1.85
1.4200000000000002 0.41
principal:  100000
profit 410
totalProfit:  50350
#################### 2016-03-16 ###############
MANDHANA 287.9 290.05 0.75
0.75 0.69
principal:  100000
profit 690
totalProfit:  51040
#################### 2016-03-17 ###############
MEP 38.15 38.4 0.66
0.66 0.6000000000000001
principal:  100000
profit 600.0000000000001
totalProfit:  51640
#################### 2016-03-21 ###############
HATSUN 290.89 296.43 1.9
PRAKASHCON 6.1 6.25 2.46
4.359999999999999 2.12
principal:  100000
profit 2120
totalProfit:  53760
#################### 2016-03-22 ###############
#################### 2016-03-23 ###############
#################### 2016-03-24 ###############
#################### 2016-03-28 ###############
JPASSOCIAT 7 7.05 0.71
TREEHOUSE 74.75 75 0.33
1.04 0.46
principal:  100000
profit 460
totalProfit:  54220
#################### 2016-03-29 ###############
VIVIDHA 13.45 13.45 0
SIGNET 33 32.85 -0.45
-0.45 -0.28
principal:  100000
profit -280.00000000000006
totalProfit:  53940
#################### 2016-03-30 ###############
BINDALAGRO 21.4 22 2.8
2.8 2.7399999999999998
principal:  100000
profit 2740
totalProfit:  56680
#################### 2016-03-31 ###############
#################### 2016-04-04 ###############
#################### 2016-04-05 ###############
ALANKIT 25.28 25.35 0.28
RAMKY 58.75 62 5.53
5.8100000000000005 2.85
principal:  100000
profit 2850
totalProfit:  59530
#################### 2016-04-06 ###############
ASHOKA 141 121 -14.18
-14.18 -14.24
principal:  100000
profit -14240
totalProfit:  45290
#################### 2016-04-07 ###############
CHROMATIC 5.2 4.25 -18.27
-18.27 -18.33
principal:  100000
profit -18329.999999999996
totalProfit:  26960.000000000004
#################### 2016-04-11 ###############
#################### 2016-04-12 ###############
#################### 2016-04-13 ###############
#################### 2016-04-14 ###############
#################### 2016-04-18 ###############
#################### 2016-04-19 ###############
#################### 2016-04-20 ###############
#################### 2016-04-21 ###############
#################### 2016-04-25 ###############
#################### 2016-04-26 ###############
#################### 2016-04-27 ###############
EDELWEISS 58 57.75 -0.43
-0.43 -0.49
principal:  100000
profit -490
totalProfit:  26470.000000000004
#################### 2016-04-28 ###############
KIRIINDUS 194.65 190.8 -1.98
-1.98 -2.04
principal:  100000
profit -2040
totalProfit:  24430.000000000004
#################### 2016-05-02 ###############
#################### 2016-05-03 ###############
VISHNU 282.7 282.7 0
#################### 2016-05-04 ###############
#################### 2016-05-05 ###############
PRAKASHCON 6.65 6.55 -1.5
-1.5 -1.56
principal:  100000
profit -1560
totalProfit:  22870.000000000004
#################### 2016-05-09 ###############
#################### 2016-05-10 ###############
UNITECH 4.1 4.4 7.32
7.32 7.260000000000001
principal:  100000
profit 7260.000000000001
totalProfit:  30130.000000000004
#################### 2016-05-11 ###############
#################### 2016-05-12 ###############
SABTN 264.8 266 0.45
0.45 0.39
principal:  100000
profit 390
totalProfit:  30520.000000000004
#################### 2016-05-16 ###############
HOVS 101.2 103.15 1.93
1.93 1.8699999999999999
principal:  100000
profit 1870
totalProfit:  32390.000000000004
#################### 2016-05-17 ###############
MANGALAM 201.65 209.4 3.84
3.84 3.78
principal:  100000
profit 3780
totalProfit:  36170
#################### 2016-05-18 ###############
FINCABLES 284.5 288 1.23
1.23 1.17
principal:  100000
profit 1170
totalProfit:  37340
#################### 2016-05-19 ###############
MANGTIMBER 25.3 27 6.72
TATAINVEST 527.2 525.2 -0.38
MOHITIND 79.9 82 2.63
8.969999999999999 2.93
principal:  100000
profit 2930
totalProfit:  40270
#################### 2016-05-23 ###############
TIIL 235.75 240 1.8
1.8 1.74
principal:  100000
profit 1740
totalProfit:  42010
#################### 2016-05-24 ###############
HERITGFOOD 254.58 256.23 0.65
CANFINHOME 228.62 229.98 0.59
1.24 0.56
principal:  100000
profit 560.0000000000001
totalProfit:  42570
#################### 2016-05-25 ###############
HOVS 94.15 95 0.9
0.9 0.8400000000000001
principal:  100000
profit 840.0000000000001
totalProfit:  43410
#################### 2016-05-26 ###############
#################### 2016-05-30 ###############
RTNINFRA 3.7 3.75 1.35
1.35 1.29
principal:  100000
profit 1290
totalProfit:  44700
#################### 2016-05-31 ###############
RTNINFRA 3.7 3.8 2.7
3IINFOTECH 3.95 3.8 -3.8
WABCOINDIA 5752.8 5737.45 -0.27
SATHAISPAT 58.3 56 -3.95
-5.32 -1.3900000000000001
principal:  100000
profit -1390
totalProfit:  43310
#################### 2016-06-01 ###############
SWANENERGY 58.5 60.5 3.42
3.42 3.36
principal:  100000
profit 3360
totalProfit:  46670
#################### 2016-06-02 ###############
#################### 2016-06-06 ###############
MANGALAM 178.3 172.75 -3.11
JUNIORBEES 199.86 198.5 -0.68
VSTIND 1664.95 1643.6 -1.28
-5.07 -1.75
principal:  100000
profit -1750
totalProfit:  44920
#################### 2016-06-07 ###############
#################### 2016-06-08 ###############
#################### 2016-06-09 ###############
KMSUGAR 9.75 9.05 -7.18
-7.18 -7.239999999999999
principal:  100000
profit -7239.999999999999
totalProfit:  37680
#################### 2016-06-13 ###############
GOKEX 115.4 112 -2.95
-2.95 -3.0100000000000002
principal:  100000
profit -3010
totalProfit:  34670
#################### 2016-06-14 ###############
#################### 2016-06-15 ###############
#################### 2016-06-16 ###############
TATAMETALI 363.7 363.7 0
#################### 2016-06-20 ###############
MANDHANA 177.95 177.95 0
#################### 2016-06-21 ###############
#################### 2016-06-22 ###############
#################### 2016-06-23 ###############
THIRUSUGAR 94.7 94.7 0
GARDENSILK 35.05 33.5 -4.42
-4.42 -2.27
principal:  100000
profit -2270
totalProfit:  32400
#################### 2016-06-27 ###############
#################### 2016-06-28 ###############
#################### 2016-06-29 ###############
PHOENIXLTD 346 358.7 3.67
INDIANB 141.2 141 -0.14
3.53 1.71
principal:  100000
profit 1710
totalProfit:  34110
#################### 2016-06-30 ###############
PIONDIST 148.6 150 0.94
0.94 0.8799999999999999
principal:  100000
profit 879.9999999999999
totalProfit:  34990
#################### 2016-07-04 ###############
SOMANYCERA 570.4 570 -0.07
-0.07 -0.13
principal:  100000
profit -130
totalProfit:  34860
#################### 2016-07-05 ###############
#################### 2016-07-06 ###############
#################### 2016-07-07 ###############
#################### 2016-07-11 ###############
#################### 2016-07-12 ###############
AVANTIFEED 538.5 533.7 -0.89
-0.89 -0.95
principal:  100000
profit -950
totalProfit:  33910
#################### 2016-07-13 ###############
RANASUG 14.5 14 -3.45
ARSHIYA 33.9 33.55 -1.03
-4.48 -2.3000000000000003
principal:  100000
profit -2300.0000000000005
totalProfit:  31610
#################### 2016-07-14 ###############
#################### 2016-07-18 ###############
#################### 2016-07-19 ###############
VIVIDHA 3 3.05 1.67
1.67 1.6099999999999999
principal:  100000
profit 1610
totalProfit:  33220
#################### 2016-07-20 ###############
SPMLINFRA 82.15 82.7 0.67
0.67 0.6100000000000001
principal:  100000
profit 610.0000000000001
totalProfit:  33830
#################### 2016-07-21 ###############
VIVIDHA 2.75 3.05 10.91
10.91 10.85
principal:  100000
profit 10850
totalProfit:  44680
#################### 2016-07-25 ###############
#################### 2016-07-26 ###############
UGARSUGAR 63.3 65 2.69
ATUL 1929 2000 3.68
6.37 3.13
principal:  100000
profit 3130
totalProfit:  47810
#################### 2016-07-27 ###############
#################### 2016-07-28 ###############
#################### 2016-08-01 ###############
GSPL 133.4 129.45 -2.96
-2.96 -3.02
principal:  100000
profit -3020
totalProfit:  44790
#################### 2016-08-02 ###############
IVRCLINFRA 4.85 5 3.09
JPPOWER 5.7 5.9 3.51
METALFORGE 64.05 64.7 1.01
KAKATCEM 362.55 355.6 -1.92
5.6899999999999995 1.3599999999999999
principal:  100000
profit 1360
totalProfit:  46150
#################### 2016-08-03 ###############
INDOTECH 195.8 200.55 2.43
2.43 2.37
principal:  100000
profit 2370
totalProfit:  48520
#################### 2016-08-04 ###############
GVKPIL 6.1 6.2 1.64
1.64 1.5799999999999998
principal:  100000
profit 1579.9999999999998
totalProfit:  50100
#################### 2016-08-08 ###############
SUZLON 16.75 17.05 1.79
RUCHIRA 75.35 76 0.86
2.65 1.27
principal:  100000
profit 1270
totalProfit:  51370
#################### 2016-08-09 ###############
VIVIDHA 2.5 2.5 0
SKFINDIA 1400.9 1400 -0.06
-0.06 -0.09
principal:  100000
profit -90
totalProfit:  51280
#################### 2016-08-10 ###############
METALFORGE 58.75 59.25 0.85
SSWL 507.1 510 0.57
1.42 0.6499999999999999
principal:  100000
profit 649.9999999999999
totalProfit:  51930
#################### 2016-08-11 ###############
MTEDUCARE 133.95 138.9 3.7
3.7 3.64
principal:  100000
profit 3640
totalProfit:  55570
#################### 2016-08-15 ###############
#################### 2016-08-16 ###############
#################### 2016-08-17 ###############
#################### 2016-08-18 ###############
#################### 2016-08-22 ###############
KALPATPOWR 259.2 251.25 -3.07
SICAL 149.95 151.7 1.17
GREENPLY 265.6 269.95 1.64
-0.26 -0.15
principal:  100000
profit -150
totalProfit:  55420
#################### 2016-08-23 ###############
XCHANGING 95.75 80 -16.45
-16.45 -16.509999999999998
principal:  100000
profit -16509.999999999996
totalProfit:  38910
#################### 2016-08-24 ###############
VIVIDHA 2.25 2.2 -2.22
-2.22 -2.2800000000000002
principal:  100000
profit -2280.0000000000005
totalProfit:  36630
#################### 2016-08-25 ###############
MOHITIND 46.45 47.65 2.58
MANINFRA 48.3 49.25 1.97
4.55 2.2199999999999998
principal:  100000
profit 2219.9999999999995
totalProfit:  38850
#################### 2016-08-29 ###############
GVKPIL 6.2 6.3 1.61
1.61 1.55
principal:  100000
profit 1550
totalProfit:  40400
#################### 2016-08-30 ###############
CRMFGETF 2925 2930 0.17
0.17 0.11000000000000001
principal:  100000
profit 110.00000000000001
totalProfit:  40510
#################### 2016-08-31 ###############
MBLINFRA 69.7 69.7 0
#################### 2016-09-01 ###############
EXCELCROP 1263.5 1254 -0.75
ZEEMEDIA 24.45 24.3 -0.61
EXCEL 34.65 37.5 8.23
6.870000000000001 2.23
principal:  100000
profit 2230
totalProfit:  42740
#################### 2016-09-05 ###############
#################### 2016-09-06 ###############
#################### 2016-09-07 ###############
#################### 2016-09-08 ###############
BALKRISHNA 73 75.4 3.29
3.29 3.23
principal:  100000
profit 3230
totalProfit:  45970
#################### 2016-09-12 ###############
#################### 2016-09-13 ###############
#################### 2016-09-14 ###############
#################### 2016-09-15 ###############
#################### 2016-09-19 ###############
PATELENG 109 101.6 -6.79
-6.79 -6.85
principal:  100000
profit -6850
totalProfit:  39120
#################### 2016-09-20 ###############
#################### 2016-09-21 ###############
#################### 2016-09-22 ###############
VOLTAMP 812.1 811.2 -0.11
-0.11 -0.16999999999999998
principal:  100000
profit -170
totalProfit:  38950
#################### 2016-09-26 ###############
SUZLON 15.6 15.8 1.28
AHLUCONT 301.05 299.45 -0.53
0.75 0.32
principal:  100000
profit 320
totalProfit:  39270
#################### 2016-09-27 ###############
TRENT 209.65 210.5 0.41
BIGBLOC 46.1 48 4.12
4.53 2.21
principal:  100000
profit 2210
totalProfit:  41480
#################### 2016-09-28 ###############
MPHASIS 517.75 525.8 1.55
1.55 1.49
principal:  100000
profit 1490
totalProfit:  42970
#################### 2016-09-29 ###############
PRAKASHCON 18.2 16.75 -7.97
DONEAR 62.65 59.45 -5.11
EKC 26.45 24 -9.26
WELSPUNIND 52.5 52.05 -0.86
SIGNET 34.7 32.45 -6.48
APTECHT 158.2 156.5 -1.07
DELTACORP 167.9 154 -8.28
-39.03 -5.64
principal:  100000
profit -5640
totalProfit:  37330
#################### 2016-10-03 ###############
LIQUIDBEES 999.99 1000 0
#################### 2016-10-04 ###############
#################### 2016-10-05 ###############
KOTAKBKETF 196.65 198.8 1.09
1.09 1.03
principal:  100000
profit 1030
totalProfit:  38360
#################### 2016-10-06 ###############
GTL 20.55 18.8 -8.52
BHAGERIA 305.78 305.78 0
-8.52 -4.319999999999999
principal:  100000
profit -4319.999999999999
totalProfit:  34040
#################### 2016-10-10 ###############
#################### 2016-10-11 ###############
#################### 2016-10-12 ###############
#################### 2016-10-13 ###############
TIIL 379.55 389.5 2.62
BHAGERIA 296.85 280.45 -5.52
BHARATGEAR 156.5 144 -7.99
-10.89 -3.69
principal:  100000
profit -3690
totalProfit:  30350
#################### 2016-10-17 ###############
DTIL 287.45 287.5 0.02
0.02 -0.039999999999999994
principal:  100000
profit -39.99999999999999
totalProfit:  30310
#################### 2016-10-18 ###############
STEL 64.15 65 1.33
1.33 1.27
principal:  100000
profit 1270
totalProfit:  31580
#################### 2016-10-19 ###############
#################### 2016-10-20 ###############
RTNINFRA 3.3 3.3 0
#################### 2016-10-24 ###############
#################### 2016-10-25 ###############
TVVISION 291.7 287.1 -1.58
VARDMNPOLY 84.55 84.55 0
-1.58 -0.8500000000000001
principal:  100000
profit -850.0000000000001
totalProfit:  30730
#################### 2016-10-26 ###############
PRIMESECU 41.15 42 2.07
2.07 2.01
principal:  100000
profit 2009.9999999999998
totalProfit:  32740
#################### 2016-10-27 ###############
VOLTAMP 859.3 808.35 -5.93
-5.93 -5.989999999999999
principal:  100000
profit -5989.999999999999
totalProfit:  26750
#################### 2016-10-31 ###############
#################### 2016-11-01 ###############
CRMFGETF 2901.4 2875 -0.91
RTNPOWER 8.3 8.35 0.6
-0.31000000000000005 -0.22
principal:  100000
profit -220
totalProfit:  26530
#################### 2016-11-02 ###############
JPPOWER 4.35 4.4 1.15
RENUKA 15.2 15.3 0.66
MANDHANA 24.5 25.7 4.9
RTNINFRA 3.25 3.3 1.54
8.25 2
principal:  100000
profit 2000
totalProfit:  28530
#################### 2016-11-03 ###############
RTNPOWER 8 8.25 3.13
MANDHANA 26.9 23.9 -11.15
-8.02 -4.069999999999999
principal:  100000
profit -4069.9999999999995
totalProfit:  24460
#################### 2016-11-07 ###############
PRAKASHCON 12.7 10 -21.26
RMCL 16.05 16.05 0
GPPL 161.05 160.55 -0.31
KOLTEPATIL 121.4 122.25 0.7
-20.87 -5.279999999999999
principal:  100000
profit -5279.999999999999
totalProfit:  19180
#################### 2016-11-08 ###############
IPAPPM 288.25 279.95 -2.88
KMSUGAR 22.8 22.8 0
-2.88 -1.5
principal:  100000
profit -1500
totalProfit:  17680
#################### 2016-11-09 ###############
#################### 2016-11-10 ###############
#################### 2016-11-14 ###############
#################### 2016-11-15 ###############
KAMDHENU 66.05 69.9 5.83
BALKRISHNA 71.1 77 8.3
RMCL 15.25 15.55 1.97
SUNFLAG 35.8 34.95 -2.37
TIRUMALCHM 645.05 691 7.12
CANFINHOME 277.69 252.2 -9.18
BASF 1071.4 1098 2.48
APTECHT 153.3 171 11.55
KECL 43.4 48 10.6
SUMEETINDS 31.55 32.3 2.38
38.68000000000001 3.81
principal:  100000
profit 3810
totalProfit:  21490
#################### 2016-11-16 ###############
PRAKASHCON 8.6 9.2 6.98
SAKHTISUG 28.8 30.05 4.34
11.32 5.6000000000000005
principal:  100000
profit 5600
totalProfit:  27090
#################### 2016-11-17 ###############
PRAKASHCON 8.2 8.2 0
ENERGYDEV 103.5 103.5 0
SUNILHITEC 10.88 10.88 0
#################### 2016-11-21 ###############
JAYBARMARU 264.35 243.1 -8.04
TTML 6 6.05 0.83
IMFA 328.3 339 3.26
SOLARINDS 675.9 655 -3.09
AXISCADES 141.1 137.75 -2.37
SCI 57 56.4 -1.05
BROOKS 121.75 122 0.21
KECL 39.6 39.05 -1.39
-11.64 -1.51
principal:  100000
profit -1510
totalProfit:  25580
#################### 2016-11-22 ###############
#################### 2016-11-23 ###############
BLS 167.68 171.9 2.52
2.52 2.46
principal:  100000
profit 2460
totalProfit:  28040
#################### 2016-11-24 ###############
HMVL 269.25 272 1.02
INDHOTEL 97.2 96 -1.23
-0.20999999999999996 -0.16
principal:  100000
profit -160
totalProfit:  27880
#################### 2016-11-28 ###############
#################### 2016-11-29 ###############
#################### 2016-11-30 ###############
#################### 2016-12-01 ###############
SATIN 416.5 439 5.4
KITEX 288.54 282.57 -2.07
3.3300000000000005 1.6099999999999999
principal:  100000
profit 1610
totalProfit:  29490
#################### 2016-12-05 ###############
#################### 2016-12-06 ###############
SANOFI 4204.55 4240.15 0.85
0.85 0.79
principal:  100000
profit 790
totalProfit:  30280
#################### 2016-12-07 ###############
#################### 2016-12-08 ###############
#################### 2016-12-12 ###############
DUCON 66 65.9 -0.15
-0.15 -0.21
principal:  100000
profit -210
totalProfit:  30070
#################### 2016-12-13 ###############
#################### 2016-12-14 ###############
GLOBOFFS 67.55 70 3.63
SUZLON 14.4 14.25 -1.04
MBLINFRA 74.05 74.05 0
2.59 0.8
principal:  100000
profit 800
totalProfit:  30870
#################### 2016-12-15 ###############
#################### 2016-12-19 ###############
MANDHANA 37.05 37.05 0
KOTAKNIFTY 820.02 822.2 0.27
PRAKASHCON 5.05 5.05 0
0.27 0.03
principal:  100000
profit 30
totalProfit:  30900
#################### 2016-12-20 ###############
ESTER 37.75 38.4 1.72
KSK 13.4 11.65 -13.06
-11.34 -5.7299999999999995
principal:  100000
profit -5730
totalProfit:  25170
#################### 2016-12-21 ###############
RUSHIL 610.85 571 -6.52
UGARSUGAR 23.1 23.5 1.73
VSTIND 2229.9 2201.1 -1.29
-6.079999999999999 -2.09
principal:  100000
profit -2090
totalProfit:  23080
#################### 2016-12-22 ###############
KOTAKNIFTY 807.12 807.24 0.01
TTML 6.05 6.05 0
0.01 -0.049999999999999996
principal:  100000
profit -50
totalProfit:  23030
#################### 2016-12-26 ###############
SATIN 318.85 306 -4.03
SUNILHITEC 11.8 11.75 -0.42
SUZLON 13.8 13.65 -1.09
TTML 5.9 5.85 -0.85
GESHIP 349.95 351.75 0.51
JBMA 221.75 215.9 -2.64
-8.52 -1.48
principal:  100000
profit -1480
totalProfit:  21550
#################### 2016-12-27 ###############
TREEHOUSE 16.6 15.85 -4.52
-4.52 -4.579999999999999
principal:  100000
profit -4579.999999999999
totalProfit:  16970
#################### 2016-12-28 ###############
SANCO 106.8 101 -5.43
-5.43 -5.489999999999999
principal:  100000
profit -5489.999999999999
totalProfit:  11480
#################### 2016-12-29 ###############
JPASSOCIAT 8.05 7.55 -6.21
-6.21 -6.27
principal:  100000
profit -6270
totalProfit:  5210
#################### 2017-01-02 ###############
#################### 2017-01-03 ###############
UNITECH 4.45 4.35 -2.25
-2.25 -2.31
principal:  100000
profit -2310
totalProfit:  2900
#################### 2017-01-04 ###############
PRIMESECU 33.75 32.1 -4.89
-4.89 -4.949999999999999
principal:  100000
profit -4949.999999999999
totalProfit:  -2049.999999999999
#################### 2017-01-05 ###############
#################### 2017-01-09 ###############
GAMMNINFRA 3.65 3.65 0
#################### 2017-01-10 ###############
APLLTD 606.35 612 0.93
0.93 0.8700000000000001
principal:  100000
profit 870.0000000000001
totalProfit:  -1179.999999999999
#################### 2017-01-11 ###############
SUNDARAM 4.25 4.25 0
#################### 2017-01-12 ###############
#################### 2017-01-16 ###############
ASSAMCO 6.9 7.2 4.35
AKZOINDIA 1380.9 1348 -2.38
1.9699999999999998 0.9199999999999999
principal:  100000
profit 920
totalProfit:  -259.9999999999991
#################### 2017-01-17 ###############
#################### 2017-01-18 ###############
#################### 2017-01-19 ###############
MOREPENLAB 21.6 20.85 -3.47
MBLINFRA 53.3 54.1 1.5
-1.9700000000000002 -1.05
principal:  100000
profit -1050
totalProfit:  -1309.999999999999
#################### 2017-01-23 ###############
#################### 2017-01-24 ###############
#################### 2017-01-25 ###############
#################### 2017-01-26 ###############
#################### 2017-01-30 ###############
KOTAKBKETF 197.64 198.7 0.54
STCINDIA 173.3 181.35 4.65
GARWALLROP 585.25 618 5.6
10.79 3.54
principal:  100000
profit 3540
totalProfit:  2230.000000000001
#################### 2017-01-31 ###############
GVKPIL 5.85 5.95 1.71
STCINDIA 173 170.3 -1.56
0.1499999999999999 0.010000000000000009
principal:  100000
profit 10.000000000000009
totalProfit:  2240.000000000001
#################### 2017-02-01 ###############
#################### 2017-02-02 ###############
RTNPOWER 7.45 7.1 -4.7
-4.7 -4.76
principal:  100000
profit -4760
totalProfit:  -2519.999999999999
#################### 2017-02-06 ###############
3IINFOTECH 5.6 5.5 -1.79
SUNDARAM 3.75 3.75 0
MAYURUNIQ 382.25 389.8 1.98
0.18999999999999995 0
principal:  100000
profit 0
#################### 2017-02-07 ###############
#################### 2017-02-08 ###############
NITESHEST 8.6 8.8 2.33
2.33 2.27
principal:  100000
profit 2270
totalProfit:  -249.9999999999991
#################### 2017-02-09 ###############
#################### 2017-02-13 ###############
ANDHRACEMT 11.7 10.65 -8.97
KIRLOSBROS 224.75 230.85 2.71
-6.260000000000001 -3.19
principal:  100000
profit -3190
totalProfit:  -3439.999999999999
#################### 2017-02-14 ###############
STARPAPER 187.35 188.65 0.69
3IINFOTECH 5.25 5.45 3.81
4.5 2.19
principal:  100000
profit 2190
totalProfit:  -1249.999999999999
#################### 2017-02-15 ###############
JVLAGRO 20.95 20.85 -0.48
KOPRAN 66.6 63.9 -4.05
UTTAMSUGAR 90.55 91.75 1.33
-3.1999999999999993 -1.1300000000000001
principal:  100000
profit -1130.0000000000002
totalProfit:  -2379.999999999999
#################### 2017-02-16 ###############
#################### 2017-02-20 ###############
ITDCEM 160.75 161.6 0.53
0.53 0.47000000000000003
principal:  100000
profit 470
totalProfit:  -1909.999999999999
#################### 2017-02-21 ###############
#################### 2017-02-22 ###############
#################### 2017-02-23 ###############
#################### 2017-02-27 ###############
3IINFOTECH 5.1 5.25 2.94
2.94 2.88
principal:  100000
profit 2880
totalProfit:  970.0000000000009
#################### 2017-02-28 ###############
SUNILHITEC 11.4 11.7 2.63
3IINFOTECH 5.2 5.2 0
2.63 1.26
principal:  100000
profit 1260
totalProfit:  2230.000000000001
#################### 2017-03-01 ###############
#################### 2017-03-02 ###############
#################### 2017-03-06 ###############
JINDWORLD 151.6 149.5 -1.39
-1.39 -1.45
principal:  100000
profit -1450
totalProfit:  780.0000000000009
#################### 2017-03-07 ###############
#################### 2017-03-08 ###############
SETFGOLD 2638.75 2641 0.09
0.09 0.03
principal:  100000
profit 30
totalProfit:  810.0000000000009
#################### 2017-03-09 ###############
JTEKTINDIA 81.7 81.65 -0.06
GESHIP 371.35 365.15 -1.67
-1.73 -0.9199999999999999
principal:  100000
profit -920
totalProfit:  -109.99999999999909
#################### 2017-03-13 ###############
#################### 2017-03-14 ###############
TNPL 317.15 319 0.58
0.58 0.52
principal:  100000
profit 520
totalProfit:  410.0000000000009
#################### 2017-03-15 ###############
#################### 2017-03-16 ###############
#################### 2017-03-20 ###############
LIQUIDBEES 1000 999 -0.1
-0.1 -0.16
principal:  100000
profit -160
totalProfit:  250.0000000000009
#################### 2017-03-21 ###############
BAJAJHIND 14 13.9 -0.71
KSK 9.05 9.4 3.87
FMNL 73.1 78.15 6.91
10.07 3.3
principal:  100000
profit 3300
totalProfit:  3550.000000000001
#################### 2017-03-22 ###############
#################### 2017-03-23 ###############
INTENTECH 166.5 167 0.3
0.3 0.24
principal:  100000
profit 240
totalProfit:  3790.000000000001
#################### 2017-03-27 ###############
LIQUIDBEES 999.99 999.99 0
NIFTYBEES 929.84 927.99 -0.2
PAPERPROD 232.1 237 2.11
1.91 0.5800000000000001
principal:  100000
profit 580.0000000000001
totalProfit:  4370.000000000001
#################### 2017-03-28 ###############
ARIHANTSUP 100 105 5
CREST 178.6 174.5 -2.3
NECCLTD 66.15 68.15 3.02
5.720000000000001 1.8499999999999999
principal:  100000
profit 1850
totalProfit:  6220.000000000001
#################### 2017-03-29 ###############
JPPOWER 5 5 0
NAGAFERT 18.5 16.95 -8.38
-8.38 -4.25
principal:  100000
profit -4250
totalProfit:  1970.000000000001
#################### 2017-03-30 ###############
#################### 2017-04-03 ###############
#################### 2017-04-04 ###############
#################### 2017-04-05 ###############
COALINDIA 286.4 289.8 1.19
1.19 1.13
principal:  100000
profit 1129.9999999999998
totalProfit:  3100.000000000001
#################### 2017-04-06 ###############
NAGAFERT 17.1 17.2 0.58
GALLISPAT 247.4 267 7.92
8.5 4.19
principal:  100000
profit 4190.000000000001
totalProfit:  7290.000000000002
#################### 2017-04-10 ###############
CRMFGETF 2715 2705 -0.37
-0.37 -0.43
principal:  100000
profit -430
totalProfit:  6860.000000000002
#################### 2017-04-11 ###############
#################### 2017-04-12 ###############
VIPULLTD 60 62.5 4.17
GVKPIL 5.95 6.05 1.68
5.85 2.87
principal:  100000
profit 2870
totalProfit:  9730.000000000002
#################### 2017-04-13 ###############
#################### 2017-04-17 ###############
RENUKA 14.3 14.55 1.75
BKMINDST 35.65 35.65 0
1.75 0.8200000000000001
principal:  100000
profit 820
totalProfit:  10550.000000000002
#################### 2017-04-18 ###############
#################### 2017-04-19 ###############
#################### 2017-04-20 ###############
#################### 2017-04-24 ###############
SHANKARA 723.5 715 -1.17
-1.17 -1.23
principal:  100000
profit -1230
totalProfit:  9320.000000000002
#################### 2017-04-25 ###############
SANWARIA 7.15 7.23 1.12
EXCEL 34.65 35.25 1.73
BLUESTARCO 674.55 682 1.1
3.95 1.26
principal:  100000
profit 1260
totalProfit:  10580.000000000002
#################### 2017-04-26 ###############
AKSHARCHEM 823.9 842.2 2.22
JBCHEPHARM 330.65 327.35 -1
3IINFOTECH 5.55 5.5 -0.9
NDL 117.75 117.75 0
0.3200000000000002 0.020000000000000004
principal:  100000
profit 20.000000000000004
totalProfit:  10600.000000000002
#################### 2017-04-27 ###############
#################### 2017-05-01 ###############
#################### 2017-05-02 ###############
#################### 2017-05-03 ###############
KSBPUMPS 700 703.7 0.53
0.53 0.47000000000000003
principal:  100000
profit 470
totalProfit:  11070.000000000002
#################### 2017-05-04 ###############
RTNINFRA 3.95 4 1.27
1.27 1.21
principal:  100000
profit 1210
totalProfit:  12280.000000000002
#################### 2017-05-08 ###############
UTTAMSUGAR 128.35 130.95 2.03
2.03 1.9699999999999998
principal:  100000
profit 1969.9999999999998
totalProfit:  14250.000000000002
#################### 2017-05-09 ###############
#################### 2017-05-10 ###############
ROLLT 8.55 8.95 4.68
4.68 4.62
principal:  100000
profit 4620
totalProfit:  18870
#################### 2017-05-11 ###############
#################### 2017-05-15 ###############
MAYURUNIQ 380 391.95 3.14
3IINFOTECH 5.05 5.15 1.98
ACCELYA 1424.5 1425 0.04
5.16 1.66
principal:  100000
profit 1660
totalProfit:  20530
#################### 2017-05-16 ###############
SUBEX 11.1 11.25 1.35
1.35 1.29
principal:  100000
profit 1290
totalProfit:  21820
#################### 2017-05-17 ###############
#################### 2017-05-18 ###############
UNITECH 5.65 5.75 1.77
WINDMACHIN 62.3 61.35 -1.52
VIVIDHA 1.7 1.7 0
0.25 0.020000000000000004
principal:  100000
profit 20.000000000000004
totalProfit:  21840
#################### 2017-05-22 ###############
VIVIDHA 1.55 1.7 9.68
TVVISION 234.25 254 8.43
BANKBEES 2279.6 2285.1 0.24
3IINFOTECH 4.75 4.95 4.21
JPPOWER 4.25 4.55 7.06
29.619999999999997 5.86
principal:  100000
profit 5860
totalProfit:  27700
#################### 2017-05-23 ###############
SANWARIA 6.3 6.43 2.06
KALPATPOWR 343.35 349.75 1.86
BLS 182.65 196.7 7.69
11.61 3.81
principal:  100000
profit 3810
totalProfit:  31510
#################### 2017-05-24 ###############
ITI 72.45 71.2 -1.73
BLS 190 176 -7.37
-9.1 -4.609999999999999
principal:  100000
profit -4609.999999999999
totalProfit:  26900
#################### 2017-05-25 ###############
#################### 2017-05-29 ###############
#################### 2017-05-30 ###############
ELECTHERM 230.45 230.05 -0.17
-0.17 -0.23
principal:  100000
profit -230
totalProfit:  26670
#################### 2017-05-31 ###############
CIGNITITEC 264.85 264.2 -0.25
RTNPOWER 7.1 7.3 2.82
2.57 1.23
principal:  100000
profit 1230
totalProfit:  27900
#################### 2017-06-01 ###############
#################### 2017-06-05 ###############
SUBEX 9.85 10.2 3.55
MADHUCON 40.1 40.55 1.12
4.67 2.28
principal:  100000
profit 2279.9999999999995
totalProfit:  30180
#################### 2017-06-06 ###############
BHARATWIRE 87.3 73.6 -15.69
HUBTOWN 113.05 101.4 -10.31
BLISSGVS 169.1 129.15 -23.63
-49.629999999999995 -16.599999999999998
principal:  100000
profit -16599.999999999996
totalProfit:  13580.000000000004
#################### 2017-06-07 ###############
#################### 2017-06-08 ###############
ADANITRANS 114.8 110 -4.18
-4.18 -4.239999999999999
principal:  100000
profit -4239.999999999999
totalProfit:  9340.000000000004
#################### 2017-06-12 ###############
MBLINFRA 32.55 32.55 0
ECLERX 1331.35 1321.9 -0.71
MANGLMCEM 370.9 371.1 0.05
THERMAX 951.9 963.25 1.19
SPAL 462.05 465.6 0.77
1.3 0.2
principal:  100000
profit 200
totalProfit:  9540.000000000004
#################### 2017-06-13 ###############
CPSEETF 27.6 27.9 1.09
1.09 1.03
principal:  100000
profit 1030
totalProfit:  10570.000000000004
#################### 2017-06-14 ###############
UNITECH 5.05 5.1 0.99
0.99 0.9299999999999999
principal:  100000
profit 930
totalProfit:  11500.000000000004
#################### 2017-06-15 ###############
SOLARINDS 822.75 830 0.88
0.88 0.8200000000000001
principal:  100000
profit 820
totalProfit:  12320.000000000004
#################### 2017-06-19 ###############
SAGCEM 828.05 828.5 0.05
GSS 23.8 25 5.04
5.09 2.4899999999999998
principal:  100000
profit 2489.9999999999995
totalProfit:  14810.000000000004
#################### 2017-06-20 ###############
#################### 2017-06-21 ###############
RESPONIND 83.8 90 7.4
7.4 7.340000000000001
principal:  100000
profit 7340.000000000001
totalProfit:  22150.000000000004
#################### 2017-06-22 ###############
KAMDHENU 116.35 116.95 0.52
3IINFOTECH 4.15 4.25 2.41
POWERMECH 585.4 585 -0.07
SUPREMEIND 1227.1 1205 -1.8
1.0600000000000003 0.21000000000000002
principal:  100000
profit 210.00000000000003
totalProfit:  22360.000000000004
#################### 2017-06-26 ###############
#################### 2017-06-27 ###############
GOLDINFRA 63.2 63.5 0.47
3IINFOTECH 4.55 4.1 -9.89
-9.42 -4.77
principal:  100000
profit -4769.999999999999
totalProfit:  17590.000000000004
#################### 2017-06-28 ###############
KARMAENG 45.6 46.35 1.64
1.64 1.5799999999999998
principal:  100000
profit 1579.9999999999998
totalProfit:  19170.000000000004
#################### 2017-06-29 ###############
LYPSAGEMS 42.71 42.86 0.35
0.35 0.29
principal:  100000
profit 289.99999999999994
totalProfit:  19460.000000000004
#################### 2017-07-03 ###############
#################### 2017-07-04 ###############
#################### 2017-07-05 ###############
3IINFOTECH 4.45 4.5 1.12
1.12 1.06
principal:  100000
profit 1060
totalProfit:  20520.000000000004
#################### 2017-07-06 ###############
CEBBCO 12.3 12.45 1.22
1.22 1.16
principal:  100000
profit 1159.9999999999998
totalProfit:  21680.000000000004
#################### 2017-07-10 ###############
EMAMILTD 1053.7 1060 0.6
MTNL 21.2 21.7 2.36
2.96 1.42
principal:  100000
profit 1420
totalProfit:  23100.000000000004
#################### 2017-07-11 ###############
SANCO 104.65 101 -3.49
-3.49 -3.5500000000000003
principal:  100000
profit -3550
totalProfit:  19550.000000000004
#################### 2017-07-12 ###############
#################### 2017-07-13 ###############
#################### 2017-07-17 ###############
RTNPOWER 6.65 6.65 0
#################### 2017-07-18 ###############
GLOBOFFS 41.3 41.75 1.09
1.09 1.03
principal:  100000
profit 1030
totalProfit:  20580.000000000004
#################### 2017-07-19 ###############
#################### 2017-07-20 ###############
RTNINFRA 5.75 5.85 1.74
1.74 1.68
principal:  100000
profit 1680
totalProfit:  22260.000000000004
#################### 2017-07-24 ###############
3IINFOTECH 4.3 4.3 0
KCP 105.9 105.95 0.05
0.05 -0.03
principal:  100000
profit -30
totalProfit:  22230.000000000004
#################### 2017-07-25 ###############
JSWHL 1754.7 1725 -1.69
FLEXITUFF 100 100 0
ABBOTINDIA 4308.5 4335.1 0.62
-1.0699999999999998 -0.42
principal:  100000
profit -420
totalProfit:  21810.000000000004
#################### 2017-07-26 ###############
MOREPENLAB 18.65 19 1.88
SANWARIA 7.75 7.4 -4.52
-2.6399999999999997 -1.3800000000000001
principal:  100000
profit -1380
totalProfit:  20430.000000000004
#################### 2017-07-27 ###############
ARROWGREEN 562.8 547.15 -2.78
STEELXIND 89 90 1.12
SANGHVIMOV 232.95 232.75 -0.09
-1.7499999999999998 -0.6399999999999999
principal:  100000
profit -639.9999999999999
totalProfit:  19790.000000000004
#################### 2017-07-31 ###############
LUPIN 1017.9 1038 1.97
1.97 1.91
principal:  100000
profit 1910
totalProfit:  21700.000000000004
#################### 2017-08-01 ###############
MOREPENLAB 18.2 18.45 1.37
ESSELPACK 241.95 240 -0.81
ORTEL 38.75 38.75 0
0.56 0.13
principal:  100000
profit 130
totalProfit:  21830.000000000004
#################### 2017-08-02 ###############
IVRCLINFRA 5.8 6.15 6.03
6.03 5.970000000000001
principal:  100000
profit 5970.000000000001
totalProfit:  27800.000000000004
#################### 2017-08-03 ###############
MOREPENLAB 16.85 17.8 5.64
BAYERCROP 4567.45 4575.05 0.17
JHS 68.6 65.4 -4.66
SQSBFSI 505.05 506.05 0.2
SUBEX 8.95 9.1 1.68
3.0299999999999994 0.55
principal:  100000
profit 550.0000000000001
totalProfit:  28350.000000000004
#################### 2017-08-07 ###############
SETFNIFBK 251.42 254 1.03
1.03 0.97
principal:  100000
profit 970
totalProfit:  29320.000000000004
#################### 2017-08-08 ###############
PROZONINTU 39.95 40.05 0.25
BLUEDART 3952.2 4082.1 3.29
DWARKESH 66.74 63.1 -5.45
A2ZINFRA 37.1 35.95 -3.1
-5.01 -1.31
principal:  100000
profit -1310
totalProfit:  28010.000000000004
#################### 2017-08-09 ###############
GAMMNINFRA 3.7 3.55 -4.05
PRICOLLTD 84.4 85.05 0.77
TATAINVEST 776.3 800 3.05
-0.22999999999999998 -0.14
principal:  100000
profit -140.00000000000003
totalProfit:  27870.000000000004
#################### 2017-08-10 ###############
#################### 2017-08-14 ###############
#################### 2017-08-15 ###############
#################### 2017-08-16 ###############
AARVEEDEN 32.3 26.5 -17.96
-17.96 -18.02
principal:  100000
profit -18020
totalProfit:  9850.000000000004
#################### 2017-08-17 ###############
HUBTOWN 113.85 105.05 -7.73
-7.73 -7.79
principal:  100000
profit -7790
totalProfit:  2060.0000000000036
#################### 2017-08-21 ###############
KITEX 230.95 230.35 -0.26
ICICINIFTY 100.46 101 0.54
AGRITECH 74.95 78 4.07
4.3500000000000005 1.39
principal:  100000
profit 1390
totalProfit:  3450.0000000000036
#################### 2017-08-22 ###############
#################### 2017-08-23 ###############
ASSAMCO 4.6 4.55 -1.09
-1.09 -1.1500000000000001
principal:  100000
profit -1150.0000000000002
totalProfit:  2300.0000000000036
#################### 2017-08-24 ###############
#################### 2017-08-28 ###############
#################### 2017-08-29 ###############
SUBEX 8.8 8.8 0
#################### 2017-08-30 ###############
#################### 2017-08-31 ###############
#################### 2017-09-04 ###############
KWALITY 120.75 98 -18.84
RTNINFRA 5.85 5.8 -0.85
ELGIEQUIP 229.6 231.95 1.02
-18.67 -6.279999999999999
principal:  100000
profit -6279.999999999999
totalProfit:  -3979.9999999999955
#################### 2017-09-05 ###############
#################### 2017-09-06 ###############
ALANKIT 33 34.7 5.15
5.15 5.090000000000001
principal:  100000
profit 5090.000000000001
totalProfit:  1110.0000000000055
#################### 2017-09-07 ###############
#################### 2017-09-11 ###############
PRIMESECU 35.35 36.15 2.26
MANDHANA 8.45 8.45 0
2.26 1.0699999999999998
principal:  100000
profit 1069.9999999999998
totalProfit:  2180.0000000000055
#################### 2017-09-12 ###############
KAMATHOTEL 85.75 89.75 4.66
4.66 4.6000000000000005
principal:  100000
profit 4600.000000000001
totalProfit:  6780.000000000006
#################### 2017-09-13 ###############
ALPHAGEO 802.3 812.9 1.32
1.32 1.26
principal:  100000
profit 1260
totalProfit:  8040.000000000006
#################### 2017-09-14 ###############
SETFNIFBK 253.42 254.91 0.59
0.59 0.53
principal:  100000
profit 530
totalProfit:  8570.000000000007
#################### 2017-09-18 ###############
#################### 2017-09-19 ###############
RELIGARE 43.1 43.3 0.46
COMPUSOFT 14.1 14.45 2.48
ICICINIFTY 103.96 105 1
3.94 1.25
principal:  100000
profit 1250
totalProfit:  9820.000000000007
#################### 2017-09-20 ###############
AUTOLITIND 97.4 97.4 0
RTNINFRA 6.05 6.15 1.65
1.65 0.77
principal:  100000
profit 770
totalProfit:  10590.000000000007
#################### 2017-09-21 ###############
VASWANI 18.7 19.3 3.21
KIOCL 202.6 202.6 0
RTNINFRA 6.05 6.05 0
3.21 1.01
principal:  100000
profit 1010
totalProfit:  11600.000000000007
#################### 2017-09-25 ###############
TINPLATE 235.6 219 -7.05
GARWALLROP 855.75 851 -0.56
EMKAY 274.9 273.95 -0.35
-7.959999999999999 -2.71
principal:  100000
profit -2710
totalProfit:  8890.000000000007
#################### 2017-09-26 ###############
MPSLTD 570.7 578 1.28
1.28 1.22
principal:  100000
profit 1220
totalProfit:  10110.000000000007
#################### 2017-09-27 ###############
EMKAY 248.15 261.2 5.26
TVVISION 119.85 120 0.13
5.39 2.64
principal:  100000
profit 2640
totalProfit:  12750.000000000007
#################### 2017-09-28 ###############
EMKAY 246.85 248.15 0.53
0.53 0.47000000000000003
principal:  100000
profit 470
totalProfit:  13220.000000000007
#################### 2017-10-02 ###############
#################### 2017-10-03 ###############
#################### 2017-10-04 ###############
#################### 2017-10-05 ###############
#################### 2017-10-09 ###############
NECCLTD 37.95 38.45 1.32
1.32 1.26
principal:  100000
profit 1260
totalProfit:  14480.000000000007
#################### 2017-10-10 ###############
TTML 4 3.8 -5
-5 -5.06
principal:  100000
profit -5059.999999999999
totalProfit:  9420.000000000007
#################### 2017-10-11 ###############
3MINDIA 14376.4 14391.95 0.11
0.11 0.05
principal:  100000
profit 50
totalProfit:  9470.000000000007
#################### 2017-10-12 ###############
KCP 121.25 123.65 1.98
SHANTIGEAR 131.25 131.1 -0.11
1.8699999999999999 0.8799999999999999
principal:  100000
profit 879.9999999999999
totalProfit:  10350.000000000007
#################### 2017-10-16 ###############
ARCOTECH 64.95 63.95 -1.54
TIMETECHNO 191.55 193.7 1.12
TDPOWERSYS 211.65 210 -0.78
-1.2 -0.46
principal:  100000
profit -460
totalProfit:  9890.000000000007
#################### 2017-10-17 ###############
#################### 2017-10-18 ###############
TIL 519.75 515 -0.91
-0.91 -0.97
principal:  100000
profit -970
totalProfit:  8920.000000000007
#################### 2017-10-19 ###############
#################### 2017-10-23 ###############
TASTYBITE 5321.4 5301.5 -0.37
JKCEMENT 986.05 974.8 -1.14
SUBEX 8.55 8.35 -2.34
-3.8499999999999996 -1.34
principal:  100000
profit -1340
totalProfit:  7580.000000000007
#################### 2017-10-24 ###############
63MOONS 144.5 145.3 0.55
BLISSGVS 177.3 176.1 -0.68
EON 121.4 121.4 0
SALSTEEL 7.3 7.4 1.37
1.2400000000000002 0.25
principal:  100000
profit 250
totalProfit:  7830.000000000007
#################### 2017-10-25 ###############
KIOCL 266.9 266.9 0
SRHHYPOLTD 237.5 226 -4.84
AGRITECH 128.4 128.5 0.08
-4.76 -1.6500000000000001
principal:  100000
profit -1650
totalProfit:  6180.000000000007
#################### 2017-10-26 ###############
RENUKA 14.3 14.3 0
#################### 2017-10-30 ###############
#################### 2017-10-31 ###############
BOSCHLTD 21017.5 21030 0.06
ARCOTECH 50.2 48.25 -3.88
-3.82 -1.97
principal:  100000
profit -1970
totalProfit:  4210.000000000007
#################### 2017-11-01 ###############
SIMPLEX 57.45 57.45 0
#################### 2017-11-02 ###############
PRAJIND 76.3 77.15 1.11
MAGNUM 16.2 15.25 -5.86
SABTN 27.8 27.8 0
CRISIL 1792.95 1815 1.23
-3.52 -0.94
principal:  100000
profit -940
totalProfit:  3270.0000000000073
#################### 2017-11-06 ###############
3IINFOTECH 4.15 3.9 -6.02
-6.02 -6.079999999999999
principal:  100000
profit -6079.999999999999
totalProfit:  -2809.999999999992
#################### 2017-11-07 ###############
HIL 1192.95 1225 2.69
ACCELYA 1344.25 1340 -0.32
TTML 9.05 9.05 0
2.37 0.73
principal:  100000
profit 730
totalProfit:  -2079.999999999992
#################### 2017-11-08 ###############
MAANALU 127.7 130 1.8
STCINDIA 253.9 252.6 -0.51
MMTC 58.63 58.67 0.07
HFCL 29 29.85 2.93
HEG 1937.05 1860 -3.98
0.31000000000000005 0
principal:  100000
profit 0
#################### 2017-11-09 ###############
TTML 8.2 8.2 0
INDOWIND 9.5 9.5 0
#################### 2017-11-13 ###############
IVRCLINFRA 4.5 4.6 2.22
2.22 2.16
principal:  100000
profit 2160
totalProfit:  80.00000000000819
#################### 2017-11-14 ###############
#################### 2017-11-15 ###############
RAIN 347.45 347.45 0
BOMDYEING 183.75 188 2.31
2.31 1.0999999999999999
principal:  100000
profit 1099.9999999999998
totalProfit:  1180.000000000008
#################### 2017-11-16 ###############
GAMMNINFRA 3 2.9 -3.33
-3.33 -3.39
principal:  100000
profit -3390
totalProfit:  -2209.999999999992
#################### 2017-11-20 ###############
#################### 2017-11-21 ###############
SETFNIFBK 259 259.86 0.33
GRAPHITE 580.1 548 -5.53
KIOCL 443.7 435 -1.96
JPPOWER 7.25 7.15 -1.38
-8.54 -2.19
principal:  100000
profit -2190
totalProfit:  -4399.999999999992
#################### 2017-11-22 ###############
#################### 2017-11-23 ###############
UTINEXT50 298.82 300.5 0.56
KIOCL 403.35 422.05 4.64
ORIENTABRA 59.15 58.95 -0.34
4.859999999999999 1.56
principal:  100000
profit 1560
totalProfit:  -2839.999999999992
#################### 2017-11-27 ###############
#################### 2017-11-28 ###############
SUPPETRO 365 368 0.82
MAANALU 137.35 141.9 3.31
4.13 2.01
principal:  100000
profit 2009.9999999999998
totalProfit:  -829.999999999992
#################### 2017-11-29 ###############
ORTEL 30.05 31.75 5.66
NKIND 73.1 73.1 0
5.66 2.77
principal:  100000
profit 2770
totalProfit:  1940.000000000008
#################### 2017-11-30 ###############
#################### 2017-12-04 ###############
BOMDYEING 202.2 200 -1.09
AURIONPRO 171.3 174.25 1.72
UNITECH 6.05 6.05 0
PARACABLES 11.65 11.65 0
0.6299999999999999 0.1
principal:  100000
profit 100
totalProfit:  2040.000000000008
#################### 2017-12-05 ###############
AUTOIND 103.15 101.25 -1.84
PARSVNATH 28.3 27.7 -2.12
KSK 7.45 7.65 2.68
-1.2799999999999998 -0.49
principal:  100000
profit -490
totalProfit:  1550.000000000008
#################### 2017-12-06 ###############
KAJARIACER 704.3 687 -2.46
-2.46 -0.8799999999999999
principal:  100000
profit -879.9999999999999
totalProfit:  670.0000000000081
#################### 2017-12-07 ###############
#################### 2017-12-11 ###############
BAJAJCORP 455.65 460.1 0.98
0.98 0.9199999999999999
principal:  100000
profit 920
totalProfit:  1590.0000000000082
#################### 2017-12-12 ###############
BASF 2000.2 2024 1.19
1.19 1.13
principal:  100000
profit 1129.9999999999998
totalProfit:  2720.000000000008
#################### 2017-12-13 ###############
GAMMNINFRA 2.95 2.95 0
#################### 2017-12-14 ###############
ORIENTABRA 47.9 48 0.21
VIVIDHA 1.65 1.65 0
0.21 0.05
principal:  100000
profit 50
totalProfit:  2770.000000000008
#################### 2017-12-18 ###############
#################### 2017-12-19 ###############
#################### 2017-12-20 ###############
#################### 2017-12-21 ###############
#################### 2017-12-25 ###############
#################### 2017-12-26 ###############
#################### 2017-12-27 ###############
COMPUSOFT 18.15 19 4.68
IOB 22.55 22.5 -0.22
MIRCELECTR 57.45 58.3 1.48
PVP 7.9 7.8 -1.27
4.67 1.1099999999999999
principal:  100000
profit 1109.9999999999998
totalProfit:  3880.000000000008
#################### 2017-12-28 ###############
PRAKASHCON 7.2 7 -2.78
-2.78 -2.84
principal:  100000
profit -2840
totalProfit:  1040.0000000000082
#################### 2018-01-01 ###############
5PAISA 339.6 357 5.12
5.12 5.0600000000000005
principal:  100000
profit 5060.000000000001
totalProfit:  6100.000000000009
#################### 2018-01-02 ###############
3IINFOTECH 8 8 0
#################### 2018-01-03 ###############
SHILPAMED 621.7 612 -1.56
-1.56 -1.62
principal:  100000
profit -1620
totalProfit:  4480.000000000009
#################### 2018-01-04 ###############
#################### 2018-01-08 ###############
COMPINFO 60.15 60.5 0.58
GRINDWELL 555.05 550 -0.91
-0.33000000000000007 -0.23
principal:  100000
profit -230
totalProfit:  4250.000000000009
#################### 2018-01-09 ###############
3IINFOTECH 8.35 8.4 0.6
0.6 0.54
principal:  100000
profit 540
totalProfit:  4790.000000000009
#################### 2018-01-10 ###############
DYNAMATECH 2131.85 2142 0.48
SUNDARAM 4.95 5.1 3.03
HIGHGROUND 15.6 15.6 0
3.51 1.1099999999999999
principal:  100000
profit 1109.9999999999998
totalProfit:  5900.000000000009
#################### 2018-01-11 ###############
INDOSOLAR 11.8 12.15 2.97
FCL 87.3 91.05 4.3
7.27 3.58
principal:  100000
profit 3580
totalProfit:  9480.00000000001
#################### 2018-01-15 ###############
ANSALAPI 31.25 31.55 0.96
STEELXIND 36.1 38 5.26
3IINFOTECH 8.15 8.2 0.61
6.83 2.2199999999999998
principal:  100000
profit 2219.9999999999995
totalProfit:  11700.00000000001
#################### 2018-01-16 ###############
GRINDWELL 555.05 550.2 -0.87
ARROWGREEN 510.2 500.9 -1.82
PARSVNATH 27.5 27.5 0
AVADHSUGAR 823.7 817 -0.81
VINDHYATEL 1252.35 1267 1.17
STEELXIND 37.75 36.1 -4.37
RELIGARE 57.8 60.35 4.41
HINDMOTORS 11 10.55 -4.09
KKCL 1836.95 1885 2.62
-3.76 -0.48
principal:  100000
profit -480
totalProfit:  11220.00000000001
#################### 2018-01-17 ###############
RELIGARE 54.95 58 5.55
PVP 8.9 9.35 5.06
10.61 5.25
principal:  100000
profit 5250
totalProfit:  16470.000000000007
#################### 2018-01-18 ###############
ORIENTABRA 51.15 52.7 3.03
ALANKIT 68.85 67.05 -2.61
ANSALAPI 29.65 30.5 2.87
PARACABLES 15.2 15.45 1.64
STEELXIND 34.55 35 1.3
6.2299999999999995 1.19
principal:  100000
profit 1190
totalProfit:  17660.000000000007
#################### 2018-01-22 ###############
CHENNPETRO 430.7 435 1
NDGL 1911.2 1952.85 2.18
3.18 1.53
principal:  100000
profit 1530
totalProfit:  19190.000000000007
#################### 2018-01-23 ###############
#################### 2018-01-24 ###############
ORIENTHOT 58.6 59 0.68
HEG 2863.4 2860 -0.12
RTNPOWER 7.35 7.25 -1.36
-0.8 -0.33
principal:  100000
profit -330
totalProfit:  18860.000000000007
#################### 2018-01-29 ###############
DAAWAT 87.4 86.15 -1.43
LIQUIDBEES 1000 999.99 0
-1.43 -0.77
principal:  100000
profit -770
totalProfit:  18090.000000000007
#################### 2018-01-30 ###############
PAISALO 264.05 273.9 3.73
APEX 627.4 620.55 -1.09
FCL 68.15 63.75 -6.46
VADILALIND 831.9 856 2.9
PRAKASHCON 7.2 7.25 0.69
GPIL 527.1 520.1 -1.33
DPSCLTD 30.2 30.5 0.99
-0.5700000000000005 -0.14
principal:  100000
profit -140.00000000000003
totalProfit:  17950.000000000007
#################### 2018-01-31 ###############
AHLEAST 337.15 353 4.7
4.7 4.640000000000001
principal:  100000
profit 4640.000000000001
totalProfit:  22590.000000000007
#################### 2018-02-01 ###############
VAKRANGEE 262.65 262.65 0
HEG 2450.4 2450.4 0
#################### 2018-02-05 ###############
STEELXIND 28.65 28.65 0
THANGAMAYL 477.5 477.5 0
#################### 2018-02-06 ###############
#################### 2018-02-07 ###############
#################### 2018-02-08 ###############
#################### 2018-02-13 ###############
#################### 2018-02-14 ###############
NECLIFE 32.1 33.1 3.12
RENUKA 15.55 15.6 0.32
ALANKIT 53.9 57.3 6.31
POKARNA 216.95 220.25 1.52
VARDHACRLC 48.35 48.1 -0.52
10.75 2.09
principal:  100000
profit 2090
totalProfit:  24680.000000000007
#################### 2018-02-19 ###############
SANWARIA 20.2 20.3 0.5
VAKRANGEE 221.2 236.1 6.74
SMLISUZU 796.9 780 -2.12
DPL 159.45 160 0.34
5.46 1.31
principal:  100000
profit 1310
totalProfit:  25990.000000000007
#################### 2018-02-20 ###############
#################### 2018-02-21 ###############
SUZLON 12.55 12.9 2.79
GRAPHITE 606.5 622.2 2.59
VAKRANGEE 199.65 200.55 0.45
5.83 1.88
principal:  100000
profit 1880
totalProfit:  27870.000000000007
#################### 2018-02-22 ###############
TIMKEN 820.8 798 -2.78
-2.78 -2.84
principal:  100000
profit -2840
totalProfit:  25030.000000000007
#################### 2018-02-26 ###############
LASA 119.35 118.25 -0.92
-0.92 -0.98
principal:  100000
profit -980
totalProfit:  24050.000000000007
#################### 2018-02-27 ###############
3IINFOTECH 5.85 5.75 -1.71
SUPREMEINF 62.05 64.75 4.35
CRISIL 1927.15 1937 0.51
3.1499999999999995 0.99
principal:  100000
profit 990
totalProfit:  25040.000000000007
#################### 2018-02-28 ###############
JAGRAN 167 166.55 -0.27
-0.27 -0.33
principal:  100000
profit -330
totalProfit:  24710.000000000007
#################### 2018-03-05 ###############
GENUSPAPER 13.45 14.5 7.81
AKSHOPTFBR 34.5 35.6 3.19
GRAPHITE 674.35 673.15 -0.18
HATSUN 719.6 732.8 1.83
GVKPIL 14.95 15.9 6.35
ESSELPACK 256.9 257.5 0.23
PHILIPCARB 218.86 226.96 3.7
ALANKIT 51.25 54 5.37
28.3 3.48
principal:  100000
profit 3480
totalProfit:  28190.000000000007
#################### 2018-03-06 ###############
TECHNO 349.55 360.1 3.02
ASHIANA 163.15 166.9 2.3
IVRCLINFRA 4 4.15 3.75
SASKEN 710.1 744.95 4.91
13.98 3.44
principal:  100000
profit 3440
totalProfit:  31630.000000000007
#################### 2018-03-07 ###############
ORIENTPPR 38.55 39.95 3.63
BINANIIND 93.95 97 3.25
SOMANYCERA 660 651.1 -1.35
SAKUMA 172.55 181 4.9
GPIL 433.8 443 2.12
FCL 59.25 58.5 -1.27
RUCHISOYA 17.3 17.1 -1.16
GVKPIL 14 13.9 -0.71
SANWARIA 16.9 17.8 5.33
EIHAHOTELS 542.2 522 -3.73
11.01 1.04
principal:  100000
profit 1040
totalProfit:  32670.000000000007
#################### 2018-03-08 ###############
STEELXIND 24.3 25.35 4.32
IL&FSENGG 37.15 37.5 0.94
EMAMILTD 1084.5 1093.95 0.87
6.13 1.98
principal:  100000
profit 1980
totalProfit:  34650.00000000001
#################### 2018-03-12 ###############
SILINV 369.35 371 0.45
0.45 0.39
principal:  100000
profit 390
totalProfit:  35040.00000000001
#################### 2018-03-13 ###############
#################### 2018-03-14 ###############
APLLTD 540.1 541.95 0.34
0.34 0.28
principal:  100000
profit 280.00000000000006
totalProfit:  35320.00000000001
#################### 2018-03-15 ###############
#################### 2018-03-19 ###############
KOTAKBKETF 245.92 246 0.03
ALANKIT 43.7 44.9 2.75
FACT 55.2 55.2 0
GVKPIL 14.1 14 -0.71
DBREALTY 51.25 51.25 0
BINANIIND 98.05 96.5 -1.58
FMNL 114.2 119.1 4.29
COMPINFO 39.4 40.1 1.78
KICL 2375.3 2359.9 -0.65
5.909999999999999 0.6000000000000001
principal:  100000
profit 600.0000000000001
totalProfit:  35920.00000000001
#################### 2018-03-20 ###############
#################### 2018-03-21 ###############
MAYURUNIQ 466.15 465 -0.25
TTML 5.9 6 1.69
1.44 0.6599999999999999
principal:  100000
profit 659.9999999999999
totalProfit:  36580.00000000001
#################### 2018-03-22 ###############
FCL 58.05 57 -1.81
UNITECH 5.7 5.8 1.75
-0.06000000000000005 -0.09
principal:  100000
profit -90
totalProfit:  36490.00000000001
#################### 2018-03-26 ###############
UNICHEMLAB 290.4 290.7 0.1
0.1 0.04000000000000001
principal:  100000
profit 40.00000000000001
totalProfit:  36530.00000000001
#################### 2018-03-27 ###############
AURIONPRO 212.2 216.9 2.21
2.21 2.15
principal:  100000
profit 2150
totalProfit:  38680.00000000001
#################### 2018-03-29 ###############
#################### 2018-04-02 ###############
#################### 2018-04-03 ###############
#################### 2018-04-04 ###############
PHOENIXLTD 587.9 588.5 0.1
SHAHALLOYS 45.95 41.65 -9.36
-9.26 -4.6899999999999995
principal:  100000
profit -4689.999999999999
totalProfit:  33990.00000000001
#################### 2018-04-05 ###############
TARMAT 60.4 57.9 -4.14
GOLDBEES 2723.15 2744.8 0.8
-3.34 -1.73
principal:  100000
profit -1730
totalProfit:  32260.000000000007
#################### 2018-04-09 ###############
DIAMONDYD 1377.6 1325.4 -3.79
-3.79 -3.85
principal:  100000
profit -3850
totalProfit:  28410.000000000007
#################### 2018-04-10 ###############
SUBEX 8.1 8.15 0.62
BALAJITELE 136.15 135.5 -0.48
0.14 0.010000000000000009
principal:  100000
profit 10.000000000000009
totalProfit:  28420.000000000007
#################### 2018-04-11 ###############
NAVKARCORP 175.25 175 -0.14
-0.14 -0.2
principal:  100000
profit -200
totalProfit:  28220.000000000007
#################### 2018-04-12 ###############
#################### 2018-04-16 ###############
#################### 2018-04-17 ###############
RELAXO 673.2 679 0.86
0.86 0.8
principal:  100000
profit 800
totalProfit:  29020.000000000007
#################### 2018-04-18 ###############
3IINFOTECH 5.35 5.25 -1.87
SUNILHITEC 7.65 7.75 1.31
VSTIND 3066.85 3149 2.68
2.12 0.6499999999999999
principal:  100000
profit 649.9999999999999
totalProfit:  29670.000000000007
#################### 2018-04-19 ###############
#################### 2018-04-23 ###############
NAGAROIL 2.35 2.75 17.02
17.02 16.96
principal:  100000
profit 16960
totalProfit:  46630.00000000001
#################### 2018-04-24 ###############
3IINFOTECH 5.05 5 -0.99
MANAKSTEEL 30.4 30.5 0.33
HIGHGROUND 12 11.9 -0.83
PRAKASHCON 7.6 7.6 0
LIQUIDETF 1000 1000 0
-1.4899999999999998 -0.36
principal:  100000
profit -360
totalProfit:  46270.00000000001
#################### 2018-04-25 ###############
UNITECH 5.9 5.85 -0.85
AUSOMENT 78.4 85 8.42
BALKRISHNA 80.75 84 4.02
RENUKA 15.65 15.6 -0.32
VSTIND 3043.1 3099.95 1.87
13.14 2.57
principal:  100000
profit 2569.9999999999995
totalProfit:  48840.00000000001
#################### 2018-04-26 ###############
CANDC 49.2 48.05 -2.34
ABBOTINDIA 6157.75 6148.6 -0.15
BHUSANSTL 23.95 24.2 1.04
-1.4499999999999997 -0.54
principal:  100000
profit -540
totalProfit:  48300.00000000001
#################### 2018-05-01 ###############
#################### 2018-05-02 ###############
GOACARBON 722.8 731.35 1.18
HMVL 218.05 216.25 -0.83
KSK 6.75 6.8 0.74
1.0899999999999999 0.3
principal:  100000
profit 300
totalProfit:  48600.00000000001
#################### 2018-05-03 ###############
#################### 2018-05-07 ###############
SUNILHITEC 5.1 4.75 -6.86
ALANKIT 32.75 31.2 -4.73
-11.59 -5.85
principal:  100000
profit -5850
totalProfit:  42750.00000000001
#################### 2018-05-08 ###############
SANWARIA 16 16.5 3.13
UNITECH 5.25 5.25 0
3.13 1.51
principal:  100000
profit 1510
totalProfit:  44260.00000000001
#################### 2018-05-09 ###############
BHUSANSTL 24.75 25.55 3.23
3.23 3.17
principal:  100000
profit 3170
totalProfit:  47430.00000000001
#################### 2018-05-10 ###############
TALWALKARS 52.95 53.4 0.85
MANAKSTEEL 29.5 29.55 0.17
SUNILHITEC 5.1 5.1 0
1.02 0.28
principal:  100000
profit 280.00000000000006
totalProfit:  47710.00000000001
#################### 2018-05-14 ###############
#################### 2018-05-15 ###############
GESHIP 349.35 350.75 0.4
IVRCLINFRA 2.55 2.8 9.8
3IINFOTECH 3.95 4.05 2.53
12.73 4.180000000000001
principal:  100000
profit 4180.000000000001
totalProfit:  51890.00000000001
#################### 2018-05-16 ###############
LUMAXIND 2283.85 2222 -2.71
GARWALLROP 957.75 950.6 -0.75
-3.46 -1.79
principal:  100000
profit -1790
totalProfit:  50100.00000000001
#################### 2018-05-17 ###############
#################### 2018-05-21 ###############
UNITECH 4.55 4.45 -2.2
MONSANTO 2717.65 2747.85 1.11
DENORA 361.45 332.05 -8.13
JTEKTINDIA 105.35 104.6 -0.71
PIONDIST 262.75 256.9 -2.23
-12.16 -2.49
principal:  100000
profit -2490.0000000000005
totalProfit:  47610.00000000001
#################### 2018-05-22 ###############
LASA 70.25 67.95 -3.27
-3.27 -3.33
principal:  100000
profit -3330
totalProfit:  44280.00000000001
#################### 2018-05-23 ###############
RENUKA 15.9 15.85 -0.31
SETFNIF50 105.5 105.36 -0.13
-0.44 -0.28
principal:  100000
profit -280.00000000000006
totalProfit:  44000.00000000001
#################### 2018-05-24 ###############
ARIES 156.55 161.9 3.42
TIINDIA 221.75 213.25 -3.83
STERTOOLS 367.95 375 1.92
1.5099999999999998 0.44
principal:  100000
profit 440
totalProfit:  44440.00000000001
#################### 2018-05-28 ###############
IVRCLINFRA 1.85 1.85 0
#################### 2018-05-29 ###############
KSK 3.45 3.45 0
RENUKA 16.05 16.1 0.31
OPTOCIRCUI 11.2 11 -1.79
-1.48 -0.55
principal:  100000
profit -550.0000000000001
totalProfit:  43890.00000000001
#################### 2018-05-30 ###############
WEIZFOREX 636.15 609 -4.27
-4.27 -4.329999999999999
principal:  100000
profit -4329.999999999999
totalProfit:  39560.00000000001
#################### 2018-05-31 ###############
RENUKA 15.95 16 0.31
ELECTCAST 25.2 25.8 2.38
NATHBIOGEN 469.75 493.45 5.05
SHAHALLOYS 35.9 36.1 0.56
3IINFOTECH 4.65 4.75 2.15
10.450000000000001 2.03
principal:  100000
profit 2029.9999999999998
totalProfit:  41590.00000000001
#################### 2018-06-04 ###############
TRITURBINE 109.1 108.5 -0.55
ARIES 138.35 147.45 6.58
SANWARIA 13.3 13.3 0
ITDC 354.4 373 5.25
EMAMIINFRA 221 225.45 2.01
VENKEYS 2589.15 2589.15 0
HSCL 115.3 115.3 0
TINPLATE 172.1 172.1 0
EXCELINDUS 1259.75 1280.15 1.62
SUBROS 299.15 308 2.96
17.87 1.73
principal:  100000
profit 1730
totalProfit:  43320.00000000001
#################### 2018-06-05 ###############
RUSHIL 622.55 615.35 -1.16
IGPL 509.4 490.1 -3.79
VAKRANGEE 32.45 32.45 0
A2ZINFRA 21.75 20.3 -6.67
JINDWORLD 562.2 534.5 -4.93
VIPCLOTHNG 52.65 50.4 -4.27
KIRIINDUS 502.25 480.1 -4.41
3IINFOTECH 4.4 4.35 -1.14
RNAVAL 14.25 13.55 -4.91
MIDHANI 140.4 128.1 -8.76
-40.04 -4.06
principal:  100000
profit -4059.9999999999995
totalProfit:  39260.00000000001
#################### 2018-06-06 ###############
#################### 2018-06-07 ###############
#################### 2018-06-11 ###############
LASA 42.35 44 3.9
JINDWORLD 550.6 523 -5.01
-1.1099999999999999 -0.6100000000000001
principal:  100000
profit -610.0000000000001
totalProfit:  38650.00000000001
#################### 2018-06-12 ###############
RUCHISOYA 12.75 12.3 -3.53
LIQUIDBEES 1000 1000 0
-3.53 -1.82
principal:  100000
profit -1820
totalProfit:  36830.00000000001
#################### 2018-06-13 ###############
CARERATING 1360.1 1367.15 0.52
ORIENTLTD 380.1 381.5 0.37
0.89 0.39
principal:  100000
profit 390
totalProfit:  37220.00000000001
#################### 2018-06-14 ###############
GOLDINFRA 173.65 181.5 4.52
JINDWORLD 528.45 492.15 -6.87
MANINDS 118.9 121.35 2.06
TIFIN 646.2 650 0.59
0.2999999999999995 0.010000000000000009
principal:  100000
profit 10.000000000000009
totalProfit:  37230.00000000001
#################### 2018-06-18 ###############
RUCHISOYA 12.65 12.65 0
MANPASAND 142.4 145 1.83
3IINFOTECH 4 4.5 12.5
14.33 4.720000000000001
principal:  100000
profit 4720.000000000001
totalProfit:  41950.00000000001
